<?xml version="1.0" encoding="UTF-8"?>
<robot generator="Robot 3.2.1 (Python 3.7.2 on win32)" generated="20201127 17:40:56.003" rpa="false">
<suite id="s1" name="Cadastro" source="C:\comitados\robotframework-cucumber\tests\cadastro.robot">
<kw name="Dados Fake" library="base" type="setup">
<kw name="First Name Male" library="FakerLibrary">
<assign>
<var>${fake_first_name}</var>
</assign>
<msg timestamp="20201127 17:40:58.961" level="INFO">${fake_first_name} = Jeffrey</msg>
<status status="PASS" starttime="20201127 17:40:58.960" endtime="20201127 17:40:58.961"></status>
</kw>
<kw name="Last Name Male" library="FakerLibrary">
<assign>
<var>${fake_last_name}</var>
</assign>
<msg timestamp="20201127 17:40:58.961" level="INFO">${fake_last_name} = Santos</msg>
<status status="PASS" starttime="20201127 17:40:58.961" endtime="20201127 17:40:58.962"></status>
</kw>
<kw name="Address" library="FakerLibrary">
<doc>:example '791 Crist Parks, Sashabury, IL 86039-9874'</doc>
<assign>
<var>${fake_address}</var>
</assign>
<msg timestamp="20201127 17:40:58.963" level="INFO">${fake_address} = 45225 Jose Lane Suite 732
Alexachester, DE 60268</msg>
<status status="PASS" starttime="20201127 17:40:58.962" endtime="20201127 17:40:58.963"></status>
</kw>
<kw name="Email" library="FakerLibrary">
<assign>
<var>${fake_email}</var>
</assign>
<msg timestamp="20201127 17:40:58.963" level="INFO">${fake_email} = amanda55@hotmail.com</msg>
<status status="PASS" starttime="20201127 17:40:58.963" endtime="20201127 17:40:58.963"></status>
</kw>
<kw name="Random Number" library="FakerLibrary">
<doc>Generate a random integer according to the following rules:</doc>
<arguments>
<arg>digits=${10}</arg>
</arguments>
<assign>
<var>${fake_phone}</var>
</assign>
<msg timestamp="20201127 17:40:58.964" level="INFO">${fake_phone} = 5649992882</msg>
<status status="PASS" starttime="20201127 17:40:58.964" endtime="20201127 17:40:58.964"></status>
</kw>
<kw name="Set Suite Variable" library="BuiltIn">
<doc>Makes a variable available everywhere within the scope of the current suite.</doc>
<arguments>
<arg>${fake_first_name}</arg>
<arg>children=true</arg>
</arguments>
<msg timestamp="20201127 17:40:58.965" level="INFO">${fake_first_name} = Jeffrey</msg>
<status status="PASS" starttime="20201127 17:40:58.964" endtime="20201127 17:40:58.965"></status>
</kw>
<kw name="Set Suite Variable" library="BuiltIn">
<doc>Makes a variable available everywhere within the scope of the current suite.</doc>
<arguments>
<arg>${fake_last_name}</arg>
</arguments>
<msg timestamp="20201127 17:40:58.966" level="INFO">${fake_last_name} = Santos</msg>
<status status="PASS" starttime="20201127 17:40:58.965" endtime="20201127 17:40:58.966"></status>
</kw>
<kw name="Set Suite Variable" library="BuiltIn">
<doc>Makes a variable available everywhere within the scope of the current suite.</doc>
<arguments>
<arg>${fake_address}</arg>
</arguments>
<msg timestamp="20201127 17:40:58.966" level="INFO">${fake_address} = 45225 Jose Lane Suite 732
Alexachester, DE 60268</msg>
<status status="PASS" starttime="20201127 17:40:58.966" endtime="20201127 17:40:58.966"></status>
</kw>
<kw name="Set Suite Variable" library="BuiltIn">
<doc>Makes a variable available everywhere within the scope of the current suite.</doc>
<arguments>
<arg>${fake_email}</arg>
</arguments>
<msg timestamp="20201127 17:40:58.967" level="INFO">${fake_email} = amanda55@hotmail.com</msg>
<status status="PASS" starttime="20201127 17:40:58.967" endtime="20201127 17:40:58.967"></status>
</kw>
<kw name="Set Suite Variable" library="BuiltIn">
<doc>Makes a variable available everywhere within the scope of the current suite.</doc>
<arguments>
<arg>${fake_phone}</arg>
</arguments>
<msg timestamp="20201127 17:40:58.968" level="INFO">${fake_phone} = 5649992882</msg>
<status status="PASS" starttime="20201127 17:40:58.967" endtime="20201127 17:40:58.968"></status>
</kw>
<status status="PASS" starttime="20201127 17:40:58.960" endtime="20201127 17:40:58.968"></status>
</kw>
<test id="s1-t1" name="Cenario 01: Cadastro de usuário no site">
<kw name="Open Session" library="base" type="setup">
<kw name="Open Browser" library="SeleniumLibrary">
<doc>Opens a new browser instance to the optional ``url``.</doc>
<arguments>
<arg>about:blank</arg>
<arg>${Browser}</arg>
</arguments>
<msg timestamp="20201127 17:40:58.970" level="INFO">Opening browser 'chrome' to base url 'about:blank'.</msg>
<status status="PASS" starttime="20201127 17:40:58.970" endtime="20201127 17:41:03.044"></status>
</kw>
<kw name="Maximize Browser Window" library="SeleniumLibrary">
<doc>Maximizes current browser window.</doc>
<status status="PASS" starttime="20201127 17:41:03.044" endtime="20201127 17:41:04.274"></status>
</kw>
<status status="PASS" starttime="20201127 17:40:58.969" endtime="20201127 17:41:04.274"></status>
</kw>
<kw name="Dado que acesso o site" library="kws">
<kw name="Go To" library="SeleniumLibrary">
<doc>Navigates the current browser window to the provided ``url``.</doc>
<arguments>
<arg>${register}</arg>
</arguments>
<msg timestamp="20201127 17:41:04.277" level="INFO">Opening url 'http://demo.automationtesting.in/Register.html'</msg>
<status status="PASS" starttime="20201127 17:41:04.277" endtime="20201127 17:41:10.226"></status>
</kw>
<status status="PASS" starttime="20201127 17:41:04.276" endtime="20201127 17:41:10.227"></status>
</kw>
<kw name="Quando informar meus dados" library="kws">
<arguments>
<arg>${fake_first_name}</arg>
<arg>${fake_last_name}</arg>
<arg>${fake_address}</arg>
<arg>${fake_email}</arg>
<arg>${fake_phone}</arg>
</arguments>
<kw name="Wait Until Element Is Visible" library="SeleniumLibrary">
<doc>Waits until the element ``locator`` is visible.</doc>
<arguments>
<arg>${first_name}</arg>
<arg>5</arg>
</arguments>
<status status="PASS" starttime="20201127 17:41:10.232" endtime="20201127 17:41:10.383"></status>
</kw>
<kw name="Input Text" library="SeleniumLibrary">
<doc>Types the given ``text`` into the text field identified by ``locator``.</doc>
<arguments>
<arg>${first_name}</arg>
<arg>${fake_first_name}</arg>
</arguments>
<msg timestamp="20201127 17:41:10.383" level="INFO">Typing text 'Jeffrey' into text field 'xpath://input[@placeholder="First Name"]'.</msg>
<status status="PASS" starttime="20201127 17:41:10.383" endtime="20201127 17:41:10.866"></status>
</kw>
<kw name="Input Text" library="SeleniumLibrary">
<doc>Types the given ``text`` into the text field identified by ``locator``.</doc>
<arguments>
<arg>${last_name}</arg>
<arg>${fake_last_name}</arg>
</arguments>
<msg timestamp="20201127 17:41:10.867" level="INFO">Typing text 'Santos' into text field 'xpath://input[@placeholder="Last Name"]'.</msg>
<status status="PASS" starttime="20201127 17:41:10.866" endtime="20201127 17:41:11.502"></status>
</kw>
<kw name="Input Text" library="SeleniumLibrary">
<doc>Types the given ``text`` into the text field identified by ``locator``.</doc>
<arguments>
<arg>${email}</arg>
<arg>${fake_email}</arg>
</arguments>
<msg timestamp="20201127 17:41:11.503" level="INFO">Typing text 'amanda55@hotmail.com' into text field 'xpath://input[@type="email"]'.</msg>
<status status="PASS" starttime="20201127 17:41:11.502" endtime="20201127 17:41:12.181"></status>
</kw>
<kw name="Input Text" library="SeleniumLibrary">
<doc>Types the given ``text`` into the text field identified by ``locator``.</doc>
<arguments>
<arg>${phone}</arg>
<arg>${fake_phone}</arg>
</arguments>
<msg timestamp="20201127 17:41:12.182" level="INFO">Typing text '5649992882' into text field 'xpath://input[@type="tel"]'.</msg>
<status status="PASS" starttime="20201127 17:41:12.182" endtime="20201127 17:41:12.744"></status>
</kw>
<kw name="Select Radio Button" library="SeleniumLibrary">
<doc>Sets the radio button group ``group_name`` to ``value``.</doc>
<arguments>
<arg>radiooptions</arg>
<arg>Male</arg>
</arguments>
<msg timestamp="20201127 17:41:12.745" level="INFO">Selecting 'Male' from radio button 'radiooptions'.</msg>
<status status="PASS" starttime="20201127 17:41:12.744" endtime="20201127 17:41:13.055"></status>
</kw>
<kw name="Select Checkbox" library="SeleniumLibrary">
<doc>Selects the checkbox identified by ``locator``.</doc>
<arguments>
<arg>${checkbox1}</arg>
</arguments>
<msg timestamp="20201127 17:41:13.056" level="INFO">Selecting checkbox 'xpath://input[@id="checkbox1"]'.</msg>
<status status="PASS" starttime="20201127 17:41:13.056" endtime="20201127 17:41:13.368"></status>
</kw>
<kw name="Select Checkbox" library="SeleniumLibrary">
<doc>Selects the checkbox identified by ``locator``.</doc>
<arguments>
<arg>${checkbox3}</arg>
</arguments>
<msg timestamp="20201127 17:41:13.369" level="INFO">Selecting checkbox 'xpath://input[@id="checkbox3"]'.</msg>
<status status="PASS" starttime="20201127 17:41:13.368" endtime="20201127 17:41:13.692"></status>
</kw>
<kw name="Select From List By Value" library="SeleniumLibrary">
<doc>Selects options from selection list ``locator`` by ``values``.</doc>
<arguments>
<arg>${skills}</arg>
<arg>Javascript</arg>
</arguments>
<msg timestamp="20201127 17:41:13.693" level="INFO">Selecting options from selection list 'id:Skills' by value Javascript.</msg>
<status status="PASS" starttime="20201127 17:41:13.693" endtime="20201127 17:41:14.177"></status>
</kw>
<kw name="Select From List By Value" library="SeleniumLibrary">
<doc>Selects options from selection list ``locator`` by ``values``.</doc>
<arguments>
<arg>${countries}</arg>
<arg>Argentina</arg>
</arguments>
<msg timestamp="20201127 17:41:14.177" level="INFO">Selecting options from selection list 'id:countries' by value Argentina.</msg>
<status status="PASS" starttime="20201127 17:41:14.177" endtime="20201127 17:41:14.645"></status>
</kw>
<kw name="Select From List By Value" library="SeleniumLibrary">
<doc>Selects options from selection list ``locator`` by ``values``.</doc>
<arguments>
<arg>${yearbox}</arg>
<arg>1996</arg>
</arguments>
<msg timestamp="20201127 17:41:14.646" level="INFO">Selecting options from selection list 'id:yearbox' by value 1996.</msg>
<status status="PASS" starttime="20201127 17:41:14.645" endtime="20201127 17:41:15.094"></status>
</kw>
<kw name="Select From List By Value" library="SeleniumLibrary">
<doc>Selects options from selection list ``locator`` by ``values``.</doc>
<arguments>
<arg>${monthbox}</arg>
<arg>February</arg>
</arguments>
<msg timestamp="20201127 17:41:15.095" level="INFO">Selecting options from selection list 'xpath://select[@ng-model="monthbox"]' by value February.</msg>
<status status="PASS" starttime="20201127 17:41:15.094" endtime="20201127 17:41:15.495"></status>
</kw>
<kw name="Select From List By Value" library="SeleniumLibrary">
<doc>Selects options from selection list ``locator`` by ``values``.</doc>
<arguments>
<arg>${daybox}</arg>
<arg>10</arg>
</arguments>
<msg timestamp="20201127 17:41:15.495" level="INFO">Selecting options from selection list 'id:daybox' by value 10.</msg>
<status status="PASS" starttime="20201127 17:41:15.495" endtime="20201127 17:41:15.924"></status>
</kw>
<kw name="Input Text" library="SeleniumLibrary">
<doc>Types the given ``text`` into the text field identified by ``locator``.</doc>
<arguments>
<arg>${firstpassword}</arg>
<arg>Robot@123</arg>
</arguments>
<msg timestamp="20201127 17:41:15.925" level="INFO">Typing text 'Robot@123' into text field 'id:firstpassword'.</msg>
<status status="PASS" starttime="20201127 17:41:15.925" endtime="20201127 17:41:16.385"></status>
</kw>
<kw name="Input Text" library="SeleniumLibrary">
<doc>Types the given ``text`` into the text field identified by ``locator``.</doc>
<arguments>
<arg>${secondpassword}</arg>
<arg>Robot@123</arg>
</arguments>
<msg timestamp="20201127 17:41:16.385" level="INFO">Typing text 'Robot@123' into text field 'xpath://input[@id="secondpassword"]'.</msg>
<status status="PASS" starttime="20201127 17:41:16.385" endtime="20201127 17:41:16.813"></status>
</kw>
<kw name="Choose File" library="SeleniumLibrary">
<doc>Inputs the ``file_path`` into the file input field ``locator``.</doc>
<arguments>
<arg>${imagesrc}</arg>
<arg>C:\\comitados\\robotframework-cucumber\\resources/images/imagem-foto.png</arg>
</arguments>
<msg timestamp="20201127 17:41:16.814" level="INFO">Sending C:\comitados\robotframework-cucumber\resources\images\imagem-foto.png to browser.</msg>
<status status="PASS" starttime="20201127 17:41:16.813" endtime="20201127 17:41:17.026"></status>
</kw>
<status status="PASS" starttime="20201127 17:41:10.230" endtime="20201127 17:41:17.027"></status>
</kw>
<kw name="E salvar" library="kws">
<kw name="Create Session" library="RequestsLibrary">
<doc>Create Session: create a HTTP session to a server</doc>
<arguments>
<arg>API</arg>
<arg>${base_url}</arg>
</arguments>
<msg timestamp="20201127 17:41:17.028" level="INFO">Creating Session using : alias=API, url=https://api.mlab.com, headers={},                     cookies={}, auth=None, timeout=None, proxies=None, verify=False,                     debug=0 </msg>
<status status="PASS" starttime="20201127 17:41:17.028" endtime="20201127 17:41:17.029"></status>
</kw>
<kw name="Get Request" library="RequestsLibrary">
<doc>Send a GET request on the session object found using the
given `alias`</doc>
<arguments>
<arg>API</arg>
<arg>${newtable}</arg>
</arguments>
<assign>
<var>${response}</var>
</assign>
<msg timestamp="20201127 17:41:18.109" level="INFO">GET Request : url=https://api.mlab.com/api/1/databases/userdetails/collections/newtable?apiKey=YEX0M2QMPd7JWJw_ipMB3a5gDddt4B_X 
 path_url=/api/1/databases/userdetails/collections/newtable?apiKey=YEX0M2QMPd7JWJw_ipMB3a5gDddt4B_X 
 headers={'User-Agent': 'python-requests/2.24.0', 'Accept-Encoding': 'gzip, deflate', 'Accept': '*/*', 'Connection': 'keep-alive'} 
 body=None 
 </msg>
<msg timestamp="20201127 17:41:18.110" level="INFO">GET Response : url=https://api.mlab.com/api/1/databases/userdetails/collections/newtable?apiKey=YEX0M2QMPd7JWJw_ipMB3a5gDddt4B_X 
 status=200, reason=200 
 body=[ { "_id" : { "$oid" : "5fbfb6115d0e651910fbf370"} , "FirstName" : "John" , "LastName" : "Jordan" , "Email" : "randy72@yahoo.com" , "Phone" : "2533178218" , "Gender" : "Male"} , { "_id" : { "$oid" : "5fbfb6b55d0e651910fbf461"} , "FirstName" : "Seth" , "LastName" : "Gilbert" , "Email" : "alicia93@hotmail.com" , "Phone" : "5366139734" , "Gender" : "Male"} , { "_id" : { "$oid" : "5fbfba595d0e651910fbfb6f"} , "FirstName" : "Donald" , "LastName" : "Daniels" , "Email" : "jensenanthony@anderson.com" , "Phone" : "9648408898" , "Gender" : "Male"} , { "_id" : { "$oid" : "5fbfbbe21f6e4f39a270cf8e"} , "FirstName" : "akash" , "LastName" : "muchewad" , "Email" : "akash@gmail.com" , "Phone" : "9876543210" , "Gender" : "Male"} , { "_id" : { "$oid" : "5fbfbf0f5d0e651910fc11af"} , "FirstName" : "Jacob" , "LastName" : "Abbott" , "Email" : "ani@meovope.gf" , "Phone" : "5747403850" , "Gender" : "FeMale"} , { "_id" : { "$oid" : "5fbfc6ce1f6e4f39a270d639"} , "FirstName" : "Sagar" , "LastName" : "Jadhav" , "Email" : "sagarjadhav1612801587@gmail.com" , "Phone" : "1234569881" , "Gender" : "Male"} , { "_id" : { "$oid" : "5fc003d15d0e651910fc3639"} , "FirstName" : "Brad" , "LastName" : "Hayes" , "Email" : "audrey79@smith-thompson.com" , "Phone" : "6260723633" , "Gender" : "Male"} , { "_id" : { "$oid" : "5fc0054a1f6e4f39a270f6a9"} , "FirstName" : "Robert" , "LastName" : "Chung" , "Email" : "csanchez@hotmail.com" , "Phone" : "1984212127" , "Gender" : "Male"} , { "_id" : { "$oid" : "5fc005b15d0e651910fc36bf"} , "FirstName" : "Mark" , "LastName" : "Sanders" , "Email" : "morrisdenise@gmail.com" , "Phone" : "8525119687" , "Gender" : "Male"} , { "_id" : { "$oid" : "5fc14f105d0e651910fdd808"} , "FirstName" : "Justin" , "LastName" : "Taylor" , "Email" : "jeffreyavila@gmail.com" , "Phone" : "6896752660" , "Gender" : "Male"} , { "_id" : { "$oid" : "5fc14f915d0e651910fdd841"} , "FirstName" : "James" , "LastName" : "Daniel" , "Email" : "qblevins@williams-duncan.com" , "Phone" : "4097823763" , "Gender" : "Male"} , { "_id" : { "$oid" : "5fc150111f6e4f39a27411d2"} , "FirstName" : "Thomas" , "LastName" : "Turner" , "Email" : "frazierjohn@walker.biz" , "Phone" : "6541544784" , "Gender" : "Male"} , { "_id" : { "$oid" : "5fc150ec5d0e651910fdd8a6"} , "FirstName" : "Dominic" , "LastName" : "Black" , "Email" : "maria79@davis.info" , "Phone" : "1703265227" , "Gender" : "Male"} , { "_id" : { "$oid" : "5fc153b05d0e651910fdd9fe"} , "FirstName" : "Peter" , "LastName" : "Melendez" , "Email" : "qbaker@gmail.com" , "Phone" : "2139562874" , "Gender" : "Male"} , { "_id" : { "$oid" : "5fc154475d0e651910fdda73"} , "FirstName" : "Daniel" , "LastName" : "Scott" , "Email" : "olsonchristopher@yahoo.com" , "Phone" : "9676673209" , "Gender" : "Male"} , { "_id" : { "$oid" : "5fc156b51f6e4f39a274145d"} , "FirstName" : "William" , "LastName" : "Bauer" , "Email" : "howarddaniel@jacobs.net" , "Phone" : "7111208446" , "Gender" : "Male"} , { "_id" : { "$oid" : "5fc156d55d0e651910fddb3c"} , "FirstName" : "John" , "LastName" : "Sanders" , "Email" : "desireerojas@jones.info" , "Phone" : "9517093331" , "Gender" : "Male"} , { "_id" : { "$oid" : "5fc1581e1f6e4f39a27414ca"} , "FirstName" : "Jay" , "LastName" : "Davidson" , "Email" : "shelleyrichardson@scott-murphy.com" , "Phone" : "3658005720" , "Gender" : "Male"} , { "_id" : { "$oid" : "5fc1583e1f6e4f39a27414d5"} , "FirstName" : "Jason" , "LastName" : "Lopez" , "Email" : "henrysmith@watts.biz" , "Phone" : "5255153895" , "Gender" : "Male"} , { "_id" : { "$oid" : "5fc158931f6e4f39a27414fd"} , "FirstName" : "Jim" , "LastName" : "Miller" , "Email" : "kingelizabeth@solomon.info" , "Phone" : "1184671013" , "Gender" : "Male"} , { "_id" : { "$oid" : "5fc159661f6e4f39a274153a"} , "FirstName" : "Cody" , "LastName" : "Duncan" , "Email" : "vmontgomery@gmail.com" , "Phone" : "2284230130" , "Gender" : "Male"} , { "_id" : { "$oid" : "5fc159a85d0e651910fddc26"} , "FirstName" : "Kevin" , "LastName" : "Johnson" , "Email" : "adam49@le-brown.com" , "Phone" : "5800792454" , "Gender" : "Male"} , { "_id" : { "$oid" : "5fc15a501f6e4f39a274158b"} , "FirstName" : "Brandon" , "LastName" : "Johnson" , "Email" : "owenssue@goodwin.com" , "Phone" : "5063278041" , "Gender" : "Male"} , { "_id" : { "$oid" : "5fc15e301f6e4f39a2741700"} , "FirstName" : "David" , "LastName" : "Aguilar" , "Email" : "michellemeza@bell-smith.com" , "Phone" : "5110493761" , "Gender" : "Male"} , { "_id" : { "$oid" : "5fc15f2a1f6e4f39a27418a6"} , "FirstName" : "Jason" , "LastName" : "Allen" , "Email" : "jennifercarpenter@cox.com" , "Phone" : "8424746956" , "Gender" : "Male"} , { "_id" : { "$oid" : "5fc163465d0e651910fde123"} , "FirstName" : "Stephen" , "LastName" : "Rodriguez" , "Email" : "robert89@yahoo.com" , "Phone" : "9403874625" , "Gender" : "Male"} , { "_id" : { "$oid" : "5fc163fe5d0e651910fde151"} , "FirstName" : "Ronald" , "LastName" : "Martin" , "Email" : "steven91@oliver-michael.com" , "Phone" : "8079090272" , "Gender" : "Male"} , { "_id" : { "$oid" : "5f7c39731f6e4f5765fe3b93"} , "FirstName" : "Anh Thư" , "LastName" : "Trần" , "Email" : "zADi8NYxUx@gmail.com" , "Phone" : "0939995122" , "Gender" : "FeMale"} , { "_id" : { "$oid" : "5f7c3ced1f6e4f5765fe3f5e"} , "FirstName" : "Anh Thư" , "LastName" : "Trần" , "Email" : "PyHq7Kw1OI@gmail.com" , "Phone" : "0958244571" , "Gender" : "FeMale"} , { "_id" : { "$oid" : "5f7c3d211f6e4f5765fe3f92"} , "FirstName" : "Harsha" , "LastName" : "Vardhini" , "Email" : "harsha1896yarlagadda@gmail.com" , "Phone" : "7981945962" , "Gender" : "FeMale"} , { "_id" : { "$oid" : "5f7c4a451f6e4f5765fe55a1"} , "FirstName" : "Xuan" , "LastName" : "Nguyen" , "Email" : "diem@yopmail.com" , "Phone" : "0982315085" , "Gender" : "FeMale"} , { "_id" : { "$oid" : "5f7c4c611f6e4f5765fe56de"} , "FirstName" : "Hue" , "LastName" : "Pham" , "Email" : "hue.ptm1010@gmail.com" , "Phone" : "0338889028" , "Gender" : "FeMale"} , { "_id" : { "$oid" : "5f7c4d121f6e4f5765fe5745"} , "FirstName" : "fdsf" , "LastName" : "sfsf" , "Email" : "sfsf@fghf.gdg" , "Phone" : "0338889955" , "Gender" : "Male"} , { "_id" : { "$oid" : "5f7c4e101f6e4f5765fe57c1"} , "FirstName" : "Anh Thư" , "LastName" : "Trần" , "Email" : "51tlIyujdc@gmail.com" , "Phone" : "0941513249" , "Gender" : "FeMale"} , { "_id" : { "$oid" : "5f7c50695d0e65146b296e14"} , "FirstName" : "proba1" , "LastName" : "proba2" , "Email" : "0625652436@proba1.com" , "Phone" : "4778442217" , "Gender" : "Male"} , { "_id" : { "$oid" : "5f7c50f55d0e65146b296e56"} , "FirstName" : "Hue" , "LastName" : "Pham" , "Email" : "hue.ptm10101@gmail.com" , "Phone" : "0338889021" , "Gender" : "FeMale"} , { "_id" : { "$oid" : "5f7c50fc5d0e65146b296e59"} , "FirstName" : "proba1" , "LastName" : "proba2" , "Email" : "4486681042@proba1.com" , "Phone" : "6300883644" , "Gender" : "Male"} , { "_id" : { "$oid" : "5f7c535c1f6e4f5765fe5c05"} , "FirstName" : "Athira" , "LastName" : "soman" , "Email" : "athira.soman@gmail.com" , "Phone" : "9643217895" , "Gender" : "FeMale"} , { "_id" : { "$oid" : "5f7c56ea5d0e65146b29773c"} , "FirstName" : "Hue" , "LastName" : "Pham" , "Email" : "hue.ptm10102@gmail.com" , "Phone" : "0338889022" , "Gender" : "FeMale"} , { "_id" : { "$oid" : "5f7c57775d0e65146b297783"} , "FirstName" : "Xuan" , "LastName" : "Nguyen" , "Email" : "diem12@yopmail.com" , "Phone" : "0982315081" , "Gender" : "FeMale"} , { "_id" : { "$oid" : "5f7c5a8f1f6e4f5765fe6163"} , "FirstName" : "Xuan" , "LastName" : "Nguyen" , "Email" : "diem1234@yopmail.com" , "Phone" : "0987285508" , "Gender" : "FeMale"} , { "_id" : { "$oid" : "5f7c5ac11f6e4f5765fe6179"} , "FirstName" : "Антон" , "LastName" : "Беляев" , "Email" : "1238@ya.ru" , "Phone" : "6463124567" , "Gender" : "Male"} , { "_id" : { "$oid" : "5f7c5b091f6e4f5765fe6197"} , "FirstName" : "Антон" , "LastName" : "Беляев" , "Email" : "1239@ya.ru" , "Phone" : "6463124571" , "Gender" : "Male"} , { "_id" : { "$oid" : "5f7c5b5f5d0e65146b297a9f"} , "FirstName" : "Michael" , "LastName" : "Preston" , "Email" : "aaron44@weaver.com" , "Phone" : "7536565932" , "Gender" : "Male"} , { "_id" : { "$oid" : "5f7c5be25d0e65146b297afc"} , "FirstName" : "Антон" , "LastName" : "Беляев" , "Email" : "1241@ya.ru" , "Phone" : "6463124572" , "Gender" : "Male"} , { "_id" : { "$oid" : "5f7c5c2e5d0e65146b297b1f"} , "FirstName" : "Антон" , "LastName" : "Беляев" , "Email" : "1242@ya.ru" , "Phone" : "6463124573" , "Gender" : "Male"} , { "_id" : { "$oid" : "5f7c5c3d1f6e4f5765fe6247"} , "FirstName" : "Michael" , "LastName" : "Mullins" , "Email" : "evan79@boyd-bell.com" , "Phone" : "2575264742" , "Gender" : "Male"} , { "_id" : { "$oid" : "5f7c5cc41f6e4f5765fe62d0"} , "FirstName" : "Антон" , "LastName" : "Беляев" , "Email" : "1243@ya.ru" , "Phone" : "6463124574" , "Gender" : "Male"} , { "_id" : { "$oid" : "5f7c5d081f6e4f5765fe6305"} , "FirstName" : "Andrew" , "LastName" : "Garcia" , "Email" : "huntrebecca@taylor-ibarra.info" , "Phone" : "9694524734" , "Gender" : "Male"} , { "_id" : { "$oid" : "5f7c5d331f6e4f5765fe6322"} , "FirstName" : "Антон" , "LastName" : "Беляев" , "Email" : "1244@ya.ru" , "Phone" : "6463124575" , "Gender" : "Male"} , { "_id" : { "$oid" : "5f7c5d6d5d0e65146b297c5c"} , "FirstName" : "David" , "LastName" : "Clark" , "Email" : "isimpson@adams.com" , "Phone" : "4768205751" , "Gender" : "Male"} , { "_id" : { "$oid" : "5f7c5e001f6e4f5765fe63bc"} , "FirstName" : "Xuan" , "LastName" : "Nguyen" , "Email" : "diem1267@yopmail.com" , "Phone" : "0982315083" , "Gender" : "FeMale"} , { "_id" : { "$oid" : "5f7c690d5d0e65146b29884f"} , "FirstName" : "Andreea" , "LastName" : "Avram" , "Email" : "0878412170@gmail.com" , "Phone" : "0361374827" , "Gender" : "FeMale"} , { "_id" : { "$oid" : "5f7c745b1f6e4f5765fe7c87"} , "FirstName" : "Andreea" , "LastName" : "Avram" , "Email" : "0708724817@gmail.com" , "Phone" : "0866882622" , "Gender" : "FeMale"} , { "_id" : { "$oid" : "5f7c77171f6e4f5765fe7f2e"} , "FirstName" : "Marius" , "LastName" : "Andronie" , "Email" : "3261345642@gmail.com" , "Phone" : "6523295710" , "Gender" : "Male"} , { "_id" : { "$oid" : "5f7c79e05d0e65146... (set the log level to DEBUG or TRACE to see the full content) 
 </msg>
<msg timestamp="20201127 17:41:18.110" level="INFO">c:\python37\lib\site-packages\urllib3\connectionpool.py:847: InsecureRequestWarning: Unverified HTTPS request is being made. Adding certificate verification is strongly advised. See: https://urllib3.readthedocs.io/en/latest/advanced-usage.html#ssl-warnings
  InsecureRequestWarning)</msg>
<msg timestamp="20201127 17:41:18.111" level="INFO">${response} = &lt;Response [200]&gt;</msg>
<status status="PASS" starttime="20201127 17:41:17.029" endtime="20201127 17:41:18.111"></status>
</kw>
<kw name="Convert To String" library="BuiltIn">
<doc>Converts the given item to a Unicode string.</doc>
<arguments>
<arg>${response.status_code}</arg>
</arguments>
<assign>
<var>${status_code}</var>
</assign>
<msg timestamp="20201127 17:41:18.111" level="INFO">${status_code} = 200</msg>
<status status="PASS" starttime="20201127 17:41:18.111" endtime="20201127 17:41:18.112"></status>
</kw>
<kw name="Should Be Equal" library="BuiltIn">
<doc>Fails if the given objects are unequal.</doc>
<arguments>
<arg>${status_code}</arg>
<arg>200</arg>
</arguments>
<status status="PASS" starttime="20201127 17:41:18.112" endtime="20201127 17:41:18.112"></status>
</kw>
<kw name="To Json" library="RequestsLibrary">
<doc>Convert a string to a JSON object</doc>
<arguments>
<arg>${response.content}</arg>
</arguments>
<assign>
<var>${body}</var>
</assign>
<msg timestamp="20201127 17:41:18.117" level="INFO">To JSON using : content=[ { "_id" : { "$oid" : "5fbfb6115d0e651910fbf370"} , "FirstName" : "John" , "LastName" : "Jordan" , "Email" : "randy72@yahoo.com" , "Phone" : "2533178218" , "Gender" : "Male"} , { "_id" : { "$oid" : "5fbfb6b55d0e651910fbf461"} , "FirstName" : "Seth" , "LastName" : "Gilbert" , "Email" : "alicia93@hotmail.com" , "Phone" : "5366139734" , "Gender" : "Male"} , { "_id" : { "$oid" : "5fbfba595d0e651910fbfb6f"} , "FirstName" : "Donald" , "LastName" : "Daniels" , "Email" : "jensenanthony@anderson.com" , "Phone" : "9648408898" , "Gender" : "Male"} , { "_id" : { "$oid" : "5fbfbbe21f6e4f39a270cf8e"} , "FirstName" : "akash" , "LastName" : "muchewad" , "Email" : "akash@gmail.com" , "Phone" : "9876543210" , "Gender" : "Male"} , { "_id" : { "$oid" : "5fbfbf0f5d0e651910fc11af"} , "FirstName" : "Jacob" , "LastName" : "Abbott" , "Email" : "ani@meovope.gf" , "Phone" : "5747403850" , "Gender" : "FeMale"} , { "_id" : { "$oid" : "5fbfc6ce1f6e4f39a270d639"} , "FirstName" : "Sagar" , "LastName" : "Jadhav" , "Email" : "sagarjadhav1612801587@gmail.com" , "Phone" : "1234569881" , "Gender" : "Male"} , { "_id" : { "$oid" : "5fc003d15d0e651910fc3639"} , "FirstName" : "Brad" , "LastName" : "Hayes" , "Email" : "audrey79@smith-thompson.com" , "Phone" : "6260723633" , "Gender" : "Male"} , { "_id" : { "$oid" : "5fc0054a1f6e4f39a270f6a9"} , "FirstName" : "Robert" , "LastName" : "Chung" , "Email" : "csanchez@hotmail.com" , "Phone" : "1984212127" , "Gender" : "Male"} , { "_id" : { "$oid" : "5fc005b15d0e651910fc36bf"} , "FirstName" : "Mark" , "LastName" : "Sanders" , "Email" : "morrisdenise@gmail.com" , "Phone" : "8525119687" , "Gender" : "Male"} , { "_id" : { "$oid" : "5fc14f105d0e651910fdd808"} , "FirstName" : "Justin" , "LastName" : "Taylor" , "Email" : "jeffreyavila@gmail.com" , "Phone" : "6896752660" , "Gender" : "Male"} , { "_id" : { "$oid" : "5fc14f915d0e651910fdd841"} , "FirstName" : "James" , "LastName" : "Daniel" , "Email" : "qblevins@williams-duncan.com" , "Phone" : "4097823763" , "Gender" : "Male"} , { "_id" : { "$oid" : "5fc150111f6e4f39a27411d2"} , "FirstName" : "Thomas" , "LastName" : "Turner" , "Email" : "frazierjohn@walker.biz" , "Phone" : "6541544784" , "Gender" : "Male"} , { "_id" : { "$oid" : "5fc150ec5d0e651910fdd8a6"} , "FirstName" : "Dominic" , "LastName" : "Black" , "Email" : "maria79@davis.info" , "Phone" : "1703265227" , "Gender" : "Male"} , { "_id" : { "$oid" : "5fc153b05d0e651910fdd9fe"} , "FirstName" : "Peter" , "LastName" : "Melendez" , "Email" : "qbaker@gmail.com" , "Phone" : "2139562874" , "Gender" : "Male"} , { "_id" : { "$oid" : "5fc154475d0e651910fdda73"} , "FirstName" : "Daniel" , "LastName" : "Scott" , "Email" : "olsonchristopher@yahoo.com" , "Phone" : "9676673209" , "Gender" : "Male"} , { "_id" : { "$oid" : "5fc156b51f6e4f39a274145d"} , "FirstName" : "William" , "LastName" : "Bauer" , "Email" : "howarddaniel@jacobs.net" , "Phone" : "7111208446" , "Gender" : "Male"} , { "_id" : { "$oid" : "5fc156d55d0e651910fddb3c"} , "FirstName" : "John" , "LastName" : "Sanders" , "Email" : "desireerojas@jones.info" , "Phone" : "9517093331" , "Gender" : "Male"} , { "_id" : { "$oid" : "5fc1581e1f6e4f39a27414ca"} , "FirstName" : "Jay" , "LastName" : "Davidson" , "Email" : "shelleyrichardson@scott-murphy.com" , "Phone" : "3658005720" , "Gender" : "Male"} , { "_id" : { "$oid" : "5fc1583e1f6e4f39a27414d5"} , "FirstName" : "Jason" , "LastName" : "Lopez" , "Email" : "henrysmith@watts.biz" , "Phone" : "5255153895" , "Gender" : "Male"} , { "_id" : { "$oid" : "5fc158931f6e4f39a27414fd"} , "FirstName" : "Jim" , "LastName" : "Miller" , "Email" : "kingelizabeth@solomon.info" , "Phone" : "1184671013" , "Gender" : "Male"} , { "_id" : { "$oid" : "5fc159661f6e4f39a274153a"} , "FirstName" : "Cody" , "LastName" : "Duncan" , "Email" : "vmontgomery@gmail.com" , "Phone" : "2284230130" , "Gender" : "Male"} , { "_id" : { "$oid" : "5fc159a85d0e651910fddc26"} , "FirstName" : "Kevin" , "LastName" : "Johnson" , "Email" : "adam49@le-brown.com" , "Phone" : "5800792454" , "Gender" : "Male"} , { "_id" : { "$oid" : "5fc15a501f6e4f39a274158b"} , "FirstName" : "Brandon" , "LastName" : "Johnson" , "Email" : "owenssue@goodwin.com" , "Phone" : "5063278041" , "Gender" : "Male"} , { "_id" : { "$oid" : "5fc15e301f6e4f39a2741700"} , "FirstName" : "David" , "LastName" : "Aguilar" , "Email" : "michellemeza@bell-smith.com" , "Phone" : "5110493761" , "Gender" : "Male"} , { "_id" : { "$oid" : "5fc15f2a1f6e4f39a27418a6"} , "FirstName" : "Jason" , "LastName" : "Allen" , "Email" : "jennifercarpenter@cox.com" , "Phone" : "8424746956" , "Gender" : "Male"} , { "_id" : { "$oid" : "5fc163465d0e651910fde123"} , "FirstName" : "Stephen" , "LastName" : "Rodriguez" , "Email" : "robert89@yahoo.com" , "Phone" : "9403874625" , "Gender" : "Male"} , { "_id" : { "$oid" : "5fc163fe5d0e651910fde151"} , "FirstName" : "Ronald" , "LastName" : "Martin" , "Email" : "steven91@oliver-michael.com" , "Phone" : "8079090272" , "Gender" : "Male"} , { "_id" : { "$oid" : "5f7c39731f6e4f5765fe3b93"} , "FirstName" : "Anh Thư" , "LastName" : "Trần" , "Email" : "zADi8NYxUx@gmail.com" , "Phone" : "0939995122" , "Gender" : "FeMale"} , { "_id" : { "$oid" : "5f7c3ced1f6e4f5765fe3f5e"} , "FirstName" : "Anh Thư" , "LastName" : "Trần" , "Email" : "PyHq7Kw1OI@gmail.com" , "Phone" : "0958244571" , "Gender" : "FeMale"} , { "_id" : { "$oid" : "5f7c3d211f6e4f5765fe3f92"} , "FirstName" : "Harsha" , "LastName" : "Vardhini" , "Email" : "harsha1896yarlagadda@gmail.com" , "Phone" : "7981945962" , "Gender" : "FeMale"} , { "_id" : { "$oid" : "5f7c4a451f6e4f5765fe55a1"} , "FirstName" : "Xuan" , "LastName" : "Nguyen" , "Email" : "diem@yopmail.com" , "Phone" : "0982315085" , "Gender" : "FeMale"} , { "_id" : { "$oid" : "5f7c4c611f6e4f5765fe56de"} , "FirstName" : "Hue" , "LastName" : "Pham" , "Email" : "hue.ptm1010@gmail.com" , "Phone" : "0338889028" , "Gender" : "FeMale"} , { "_id" : { "$oid" : "5f7c4d121f6e4f5765fe5745"} , "FirstName" : "fdsf" , "LastName" : "sfsf" , "Email" : "sfsf@fghf.gdg" , "Phone" : "0338889955" , "Gender" : "Male"} , { "_id" : { "$oid" : "5f7c4e101f6e4f5765fe57c1"} , "FirstName" : "Anh Thư" , "LastName" : "Trần" , "Email" : "51tlIyujdc@gmail.com" , "Phone" : "0941513249" , "Gender" : "FeMale"} , { "_id" : { "$oid" : "5f7c50695d0e65146b296e14"} , "FirstName" : "proba1" , "LastName" : "proba2" , "Email" : "0625652436@proba1.com" , "Phone" : "4778442217" , "Gender" : "Male"} , { "_id" : { "$oid" : "5f7c50f55d0e65146b296e56"} , "FirstName" : "Hue" , "LastName" : "Pham" , "Email" : "hue.ptm10101@gmail.com" , "Phone" : "0338889021" , "Gender" : "FeMale"} , { "_id" : { "$oid" : "5f7c50fc5d0e65146b296e59"} , "FirstName" : "proba1" , "LastName" : "proba2" , "Email" : "4486681042@proba1.com" , "Phone" : "6300883644" , "Gender" : "Male"} , { "_id" : { "$oid" : "5f7c535c1f6e4f5765fe5c05"} , "FirstName" : "Athira" , "LastName" : "soman" , "Email" : "athira.soman@gmail.com" , "Phone" : "9643217895" , "Gender" : "FeMale"} , { "_id" : { "$oid" : "5f7c56ea5d0e65146b29773c"} , "FirstName" : "Hue" , "LastName" : "Pham" , "Email" : "hue.ptm10102@gmail.com" , "Phone" : "0338889022" , "Gender" : "FeMale"} , { "_id" : { "$oid" : "5f7c57775d0e65146b297783"} , "FirstName" : "Xuan" , "LastName" : "Nguyen" , "Email" : "diem12@yopmail.com" , "Phone" : "0982315081" , "Gender" : "FeMale"} , { "_id" : { "$oid" : "5f7c5a8f1f6e4f5765fe6163"} , "FirstName" : "Xuan" , "LastName" : "Nguyen" , "Email" : "diem1234@yopmail.com" , "Phone" : "0987285508" , "Gender" : "FeMale"} , { "_id" : { "$oid" : "5f7c5ac11f6e4f5765fe6179"} , "FirstName" : "Антон" , "LastName" : "Беляев" , "Email" : "1238@ya.ru" , "Phone" : "6463124567" , "Gender" : "Male"} , { "_id" : { "$oid" : "5f7c5b091f6e4f5765fe6197"} , "FirstName" : "Антон" , "LastName" : "Беляев" , "Email" : "1239@ya.ru" , "Phone" : "6463124571" , "Gender" : "Male"} , { "_id" : { "$oid" : "5f7c5b5f5d0e65146b297a9f"} , "FirstName" : "Michael" , "LastName" : "Preston" , "Email" : "aaron44@weaver.com" , "Phone" : "7536565932" , "Gender" : "Male"} , { "_id" : { "$oid" : "5f7c5be25d0e65146b297afc"} , "FirstName" : "Антон" , "LastName" : "Беляев" , "Email" : "1241@ya.ru" , "Phone" : "6463124572" , "Gender" : "Male"} , { "_id" : { "$oid" : "5f7c5c2e5d0e65146b297b1f"} , "FirstName" : "Антон" , "LastName" : "Беляев" , "Email" : "1242@ya.ru" , "Phone" : "6463124573" , "Gender" : "Male"} , { "_id" : { "$oid" : "5f7c5c3d1f6e4f5765fe6247"} , "FirstName" : "Michael" , "LastName" : "Mullins" , "Email" : "evan79@boyd-bell.com" , "Phone" : "2575264742" , "Gender" : "Male"} , { "_id" : { "$oid" : "5f7c5cc41f6e4f5765fe62d0"} , "FirstName" : "Антон" , "LastName" : "Беляев" , "Email" : "1243@ya.ru" , "Phone" : "6463124574" , "Gender" : "Male"} , { "_id" : { "$oid" : "5f7c5d081f6e4f5765fe6305"} , "FirstName" : "Andrew" , "LastName" : "Garcia" , "Email" : "huntrebecca@taylor-ibarra.info" , "Phone" : "9694524734" , "Gender" : "Male"} , { "_id" : { "$oid" : "5f7c5d331f6e4f5765fe6322"} , "FirstName" : "Антон" , "LastName" : "Беляев" , "Email" : "1244@ya.ru" , "Phone" : "6463124575" , "Gender" : "Male"} , { "_id" : { "$oid" : "5f7c5d6d5d0e65146b297c5c"} , "FirstName" : "David" , "LastName" : "Clark" , "Email" : "isimpson@adams.com" , "Phone" : "4768205751" , "Gender" : "Male"} , { "_id" : { "$oid" : "5f7c5e001f6e4f5765fe63bc"} , "FirstName" : "Xuan" , "LastName" : "Nguyen" , "Email" : "diem1267@yopmail.com" , "Phone" : "0982315083" , "Gender" : "FeMale"} , { "_id" : { "$oid" : "5f7c690d5d0e65146b29884f"} , "FirstName" : "Andreea" , "LastName" : "Avram" , "Email" : "0878412170@gmail.com" , "Phone" : "0361374827" , "Gender" : "FeMale"} , { "_id" : { "$oid" : "5f7c745b1f6e4f5765fe7c87"} , "FirstName" : "Andreea" , "LastName" : "Avram" , "Email" : "0708724817@gmail.com" , "Phone" : "0866882622" , "Gender" : "FeMale"} , { "_id" : { "$oid" : "5f7c77171f6e4f5765fe7f2e"} , "FirstName" : "Marius" , "LastName" : "Andronie" , "Email" : "3261345642@gmail.com" , "Phone" : "6523295710" , "Gender" : "Male"} , { "_id" : { "$oid" : "5f7c79e05d0e65146b299bb2"} , "FirstName" : "sarjesh" , "LastName" : "tiwari" , "Email" : "sarjeshkumartiwari@gmail.com" , "Phone" : "8962395560" , "Gender" : "Male"} , { "_id" : { "$oid" : "5f7c7eb15d0e65146b29ac3e"} , "FirstName" : "asdd" , "LastName" : "dwed" , "Email" : "a1@a.com" , "Phone" : "1234566666" , "Gender" : "Male"} , { "_id" : { "$oid" : "5f7c7eb21f6e4f5765fe9095"} , "FirstName" : "asdd" , "LastName" : "dwed" , "Email" : "a1@a.com" , "Phone" : "1234566666" , "Gender" : "Male"} , { "_id" : { "$oid" : "5f7c7ffd1f6e4f5765fe9747"} , "FirstName" : "Антон" , "LastName" : "Беляев" , "Email" : "1245@ya.ru" , "Phone" : "6463124576" , "Gender" : "Male"} , { "_id" : { "$oid" : "5f7c83e35d0e65146b29b450"} , "FirstName" : "Lenke" , "LastName" : "Szabo" , "Email" : "0837307942@gmail.com" , "Phone" : "0225997796" , "Gender" : "FeMale"} , { "_id" : { "$oid" : "5f7c84861f6e4f5765fe99f5"} , "FirstName" : "Emily" , "LastName" : "s" , "Email" : "emily123@gmail.com" , "Phone" : "9567808930" , "Gender" : "FeMale"} , { "_id" : { "$oid" : "5f7c84a41f6e4f5765fe9a04"} , "FirstName" : "Emily" , "LastName" : "s" , "Email" : "emily123@gmail.com" , "Phone" : "9567808930" , "Gender" : "FeMale"} , { "_id" : { "$oid" : "5f7c85f21f6e4f5765fe9ad8"} , "FirstName" : "Jonathan" , "LastName" : "Daflon" , "Email" : "jonathan@daflon" , "Phone" : "1085088977" , "Gender" : "Male"} , { "_id" : { "$oid" : "5f7c8a3a1f6e4f5765fe9d66"} , "FirstName" : "malu" , "LastName" : "iyar" , "Email" : "malu.i@gmail.com" , "Phone" : "8523649720" , "Gender" : "FeMale"} , { "_id" : { "$oid" : "5f7c8b325d0e65146b29bdac"} , "FirstName" : "Jonathan" , "LastName" : "Daflon" , "Email" : "jonathan58560@daflon" , "Phone" : "2147483647" , "Gender" : "FeMale"} , { "_id" : { "$oid" : "5f7c949f5d0e65146b29c4fb"} , "FirstName" : "Andreea" , "LastName" : "Avram" , "Email" : "0714574314@gmail.com" , "Phone" : "0920482406" , "Gender" : "FeMale"} , { "_id" : { "$oid" : "5f7c970b5d0e65146b29c625"} , "FirstName" : "Szabo" , "LastName" : "Lenke" , "Email" : "0528068430@gmail.com" , "Phone" : "0043807420" , "Gender" : "FeMale"} , { "_id" : { "$oid" : "5f7c986f5d0e65146b29c6f9"} , "FirstName" : "Yogesh" , "LastName" : "sri" , "Email" : "yo@gmail.com" , "Phone" : "9365266612" , "Gender" : "Male"} , { "_id" : { "$oid" : "5f7ca1301f6e4f5765feab05"} , "FirstName" : "Yogesh" , "LastName" : "sri" , "Email" : "yo1@gmail.com" , "Phone" : "9355266612" , "Gender" : "Male"} , { "_id" : { "$oid" : "5f7ca3275d0e65146b29cc63"} , "FirstName" : "Yogesh" , "LastName" : "sri" , "Email" : "yo2@gmail.com" , "Phone" : "9345266612" , "Gender" : "Male"} , { "_id" : { "$oid" : "5f7ca7e61f6e4f5765feafc0"} , "FirstName" : "Eunice" , "LastName" : "Vicente" , "Email" : "mi@ruzmo.bf" , "Phone" : "9818085001" , "Gender" : "FeMale"} , { "_id" : { "$oid" : "5f7caa285d0e65146b29d40f"} , "FirstName" : "Lenke" , "LastName" : "Szabo" , "Email" : "0975498068@gmail.com" , "Phone" : "0085863914" , "Gender" : "FeMale"} , { "_id" : { "$oid" : "5f7caa4c1f6e4f5765feb12e"} , "FirstName" : "krishnakumar" , "LastName" : "yeddanapudi" , "Email" : "yeddanapudi1979@yahoo.com" , "Phone" : "8978882841" , "Gender" : "Male"} , { "_id" : { "$oid" : "5f7caa525d0e65146b29d418"} , "FirstName" : "Szabo" , "LastName" : "Lenke" , "Email" : "0317793861@gmail.com" , "Phone" : "0040724675" , "Gender" : "FeMale"} , { "_id" : { "$oid" : "5f7cb2025d0e65146b29d8b1"} , "FirstName" : "Christian" , "LastName" : "Bailly" , "Email" : "dotopitu@saset.fi" , "Phone" : "3625217683" , "Gender" : "FeMale"} , { "_id" : { "$oid" : "5f7cb7a55d0e65146b29db33"} , "FirstName" : "Mabelle" , "LastName" : "May" , "Email" : "repum@lupitko.cu" , "Phone" : "9198196746" , "Gender" : "FeMale"} , { "_id" : { "$oid" : "5f7cb85f5d0e65146b29dbbd"} , "FirstName" : "Olive" , "LastName" : "Hale" , "Email" : "cugagica@uga.va" , "Phone" : "9308859522" , "Gender" : "FeMale"} , { "_id" : { "$oid" : "5f7cba261f6e4f5765febcd2"} , "FirstName" : "Marius" , "LastName" : "Andronie" , "Email" : "5949165604@gmail.com" , "Phone" : "7451734232" , "Gender" : "Male"} , { "_id" : { "$oid" : "5f7cbc981f6e4f5765febe22"} , "FirstName" : "Brandon" , "LastName" : "Boyd" , "Email" : "angel31@yahoo.com" , "Phone" : "4338904205" , "Gender" : "Male"} , { "_id" : { "$oid" : "5f7cbcf85d0e65146b29de15"} , "FirstName" : "Paul" , "LastName" : "Fitzgerald" , "Email" : "marnold@williams.org" , "Phone" : "1813682425" , "Gender" : "Male"} , { "_id" : { "$oid" : "5f7cc3311f6e4f5765fec166"} , "FirstName" : "abc" , "LastName" : "xyz" , "Email" : "abc101@xyz.com" , "Phone" : "9122384567" , "Gender" : "FeMale"} , { "_id" : { "$oid" : "5f7cc5485d0e65146b29e7bf"} , "FirstName" : "Emiliano" , "LastName" : "Rodriguez" , "Email" : "emiliano.rodriguez@teste.com.br" , "Phone" : "4799999999" , "Gender" : "Male"} , { "_id" : { "$oid" : "5f7cc6e81f6e4f5765fec38a"} , "FirstName" : "Szabo" , "LastName" : "Lenke" , "Email" : "0956945848@gmail.com" , "Phone" : "0847081940" , "Gender" : "FeMale"} , { "_id" : { "$oid" : "5f7cd6211f6e4f5765fecb2b"} , "FirstName" : "Jonathan" , "LastName" : "Daflon" , "Email" : "jonathan1282@daflon" , "Phone" : "5337091351" , "Gender" : "Male"} , { "_id" : { "$oid" : "5f7cd71f5d0e65146b29f063"} , "FirstName" : "Jonathan" , "LastName" : "Daflon" , "Email" : "jonathan3253@daflon" , "Phone" : "2877784663" , "Gender" : "Male"} , { "_id" : { "$oid" : "5f7cd7e55d0e65146b29f0ae"} , "FirstName" : "Jonathan" , "LastName" : "Daflon" , "Email" : "jonathan711@daflon" , "Phone" : "4241810688" , "Gender" : "Male"} , { "_id" : { "$oid" : "5f7cd8535d0e65146b29f0df"} , "FirstName" : "Jonathan" , "LastName" : "Daflon" , "Email" : "jonathan2677@daflon" , "Phone" : "5739338414" , "Gender" : "Male"} , { "_id" : { "$oid" : "5f7cda875d0e65146b29f1ac"} , "FirstName" : "Jonathan" , "LastName" : "Daflon" , "Email" : "jonathan806@daflon" , "Phone" : "6764491611" , "Gender" : "Male"} , { "_id" : { "$oid" : "5f7cdcd95d0e65146b29f2c3"} , "FirstName" : "Jonathan" , "LastName" : "Daflon" , "Email" : "jonathan1360@daflon" , "Phone" : "9873320827" , "Gender" : "Male"} , { "_id" : { "$oid" : "5f7cde111f6e4f5765fece8a"} , "FirstName" : "Jonathan" , "LastName" : "Daflon" , "Email" : "jonathan3662@daflon" , "Phone" : "5113282680" , "Gender" : "Male"} , { "_id" : { "$oid" : "5f7cde6e5d0e65146b29f390"} , "FirstName" : "Jonathan" , "LastName" : "Daflon" , "Email" : "jonathan4923@daflon" , "Phone" : "1978465560" , "Gender" : "FeMale"} , { "_id" : { "$oid" : "5f7cdeb31f6e4f5765fecefc"} , "FirstName" : "Jonathan" , "LastName" : "Daflon" , "Email" : "jonathan3086@daflon" , "Phone" : "6966518698" , "Gender" : "FeMale"} , { "_id" : { "$oid" : "5f7cdf891f6e4f5765fed035"} , "FirstName" : "Антон" , "LastName" : "Беляев" , "Email" : "1246@ya.ru" , "Phone" : "6463124577" , "Gender" : "Male"} , { "_id" : { "$oid" : "5f7ce0c75d0e65146b29f9d5"} , "FirstName" : "Jonathan" , "LastName" : "Daflon" , "Email" : "jonathan2872@daflon" , "Phone" : "4183781805" , "Gender" : "FeMale"} , { "_id" : { "$oid" : "5f7ce0d85d0e65146b29f9e0"} , "FirstName" : "Антон" , "LastName" : "Беляев" , "Email" : "1249@ya.ru" , "Phone" : "6463124578" , "Gender" : "Male"} , { "_id" : { "$oid" : "5f7ce1545d0e65146b29fa17"} , "FirstName" : "Jonathan" , "LastName" : "Daflon" , "Email" : "jonathan2330@daflon" , "Phone" : "9087151411" , "Gender" : "FeMale"} , { "_id" : { "$oid" : "5f7ce2081f6e4f5765fed1ab"} , "FirstName" : "Jonathan" , "LastName" : "Daflon" , "Email" : "jonathan1347@daflon" , "Phone" : "8413240428" , "Gender" : "FeMale"} , { "_id" : { "$oid" : "5f7ce25e1f6e4f5765fed1ff"} , "FirstName" : "Jonathan" , "LastName" : "Daflon" , "Email" : "jonathan1185@daflon" , "Phone" : "2460666830" , "Gender" : "FeMale"} , { "_id" : { "$oid" : "5f7ce2841f6e4f5765fed20e"} , "FirstName" : "Антон" , "LastName" : "Беляев" , "Email" : "1253@ya.ru" , "Phone" : "6463124579" , "Gender" : "Male"} , { "_id" : { "$oid" : "5f7ce5605d0e65146b29fcfa"} , "FirstName" : "Robert" , "LastName" : "Oconnell" , "Email" : "patrickscott@hotmail.com" , "Phone" : "3197488560" , "Gender" : "Male"} , { "_id" : { "$oid" : "5f7cebef5d0e65146b29ffea"} , "FirstName" : "Caleb" , "LastName" : "Harris" , "Email" : "fbentley@howell-roberson.net" , "Phone" : "4410991407" , "Gender" : "Male"} , { "_id" : { "$oid" : "5f7cec401f6e4f5765fedc9d"} , "FirstName" : "Richard" , "LastName" : "Valentine" , "Email" : "yrodriguez@yahoo.com" , "Phone" : "7069888482" , "Gender" : "Male"} , { "_id" : { "$oid" : "5f7cef515d0e65146b2a0150"} , "FirstName" : "Sean" , "LastName" : "Perez" , "Email" : "charles25@sloan-avila.biz" , "Phone" : "2747713499" , "Gender" : "Male"} , { "_id" : { "$oid" : "5f7d10291f6e4f5765fef63a"} , "FirstName" : "Herman" , "LastName" : "Parker" , "Email" : "buv@eso.gt" , "Phone" : "3095823233" , "Gender" : "FeMale"} , { "_id" : { "$oid" : "5f7d15841f6e4f5765fef917"} , "FirstName" : "Wesley" , "LastName" : "Martini" , "Email" : "lepig@in.am" , "Phone" : "7419728891" , "Gender" : "FeMale"} , { "_id" : { "$oid" : "5f7d16d05d0e65146b2a1f42"} , "FirstName" : "Rachel" , "LastName" : "Bonnet" , "Email" : "idmig@dudam.bh" , "Phone" : "7142629611" , "Gender" : "FeMale"} , { "_id" : { "$oid" : "5f7d19021f6e4f5765009654"} , "FirstName" : "Luke" , "LastName" : "Munoz" , "Email" : "woculnu@gihli.dm" , "Phone" : "2339826146" , "Gender" : "FeMale"} , { "_id" : { "$oid" : "5f7d1a035d0e65146b2a32f9"} , "FirstName" : "Chad" , "LastName" : "Bartolini" , "Email" : "dag@rip.mp" , "Phone" : "7782985964" , "Gender" : "FeMale"} , { "_id" : { "$oid" : "5f7d23ab5d0e65146b2a74b7"} , "FirstName" : "Cole" , "LastName" : "Sanderson" , "Email" : "abodutduf@fowoh.mm" , "Phone" : "5705733423" , "Gender" : "FeMale"} , { "_id" : { "$oid" : "5f7d3bcb5d0e65146b2a923c"} , "FirstName" : "sf" , "LastName" : "asf" , "Email" : "testing@gmail.com" , "Phone" : "3256576876" , "Gender" : "FeMale"} , { "_id" : { "$oid" : "5f7d3bd75d0e65146b2a9242"} , "FirstName" : "Nga" , "LastName" : "Nguyen" , "Email" : "nga.nguyen7@sutrixsolutions.com" , "Phone" : "0999912352" , "Gender" : "Male"} , { "_id" : { "$oid" : "5f7d405e5d0e65146b2a9441"} , "FirstName" : "Anh Thư" , "LastName" : "Trần" , "Email" : "XQYBB9HVrC@gmail.com" , "Phone" : "0969467915" , "Gender" : "FeMale"} , { "_id" : { "$oid" : "5f7d45ac1f6e4f576500fba8"} , "FirstName" : "Emily" , "LastName" : "s" , "Email" : "emily269@gmail.com" , "Phone" : "9567858930" , "Gender" : "FeMale"} , { "_id" : { "$oid" : "5f7d5d115d0e65146b2aa645"} , "FirstName" : "Marius" , "LastName" : "Andronie" , "Email" : "8467508689@gmail.com" , "Phone" : "4315566312" , "Gender" : "Male"} , { "_id" : { "$oid" : "5f7d5dce5d0e65146b2aa8a5"} , "FirstName" : "Marius" , "LastName" : "Andronie" , "Email" : "3524646555@gmail.com" , "Phone" : "5484761141" , "Gender" : "Male"} , { "_id" : { "$oid" : "5f7d65935d0e65146b2aace0"} , "FirstName" : "Anh Thư" , "LastName" : "Trần" , "Email" : "yXW0DQxsbp@gmail.com" , "Phone" : "0992712294" , "Gender" : "FeMale"} , { "_id" : { "$oid" : "5f7d69405d0e65146b2ab05b"} , "FirstName" : "Hue" , "LastName" : "Pham" , "Email" : "hue.ptm10103@gmail.com" , "Phone" : "0338889023" , "Gender" : "FeMale"} , { "_id" : { "$oid" : "5f7d6c9c1f6e4f5765011a48"} , "FirstName" : "Hue" , "LastName" : "Pham" , "Email" : "hue.ptm10104@gmail.com" , "Phone" : "0338889024" , "Gender" : "FeMale"} , { "_id" : { "$oid" : "5f7d6d021f6e4f5765011a77"} , "FirstName" : "Hue" , "LastName" : "Pham" , "Email" : "hue.ptm10105@gmail.com" , "Phone" : "0338889025" , "Gender" : "FeMale"} , { "_id" : { "$oid" : "5f7d6ecf5d0e65146b2ab7b8"} , "FirstName" : "Xuan" , "LastName" : "Nguyen" , "Email" : "xuan1267@yopmail.com" , "Phone" : "0982315084" , "Gender" : "FeMale"} , { "_id" : { "$oid" : "5f7d7cdc5d0e65146b2ad091"} , "FirstName" : "Hue" , "LastName" : "Pham" , "Email" : "hue.ptm10106s@gmail.com" , "Phone" : "0338888026" , "Gender" : "FeMale"} , { "_id" : { "$oid" : "5f7d81a45d0e65146b2ad2cc"} , "FirstName" : "abdq" , "LastName" : "ddd" , "Email" : "abi56@gmail.com" , "Phone" : "9653217894" , "Gender" : "Male"} , { "_id" : { "$oid" : "5f7d85345d0e65146b2ad44d"} , "FirstName" : "kiran" , "LastName" : "sri" , "Email" : "kiran9@gmail.com" , "Phone" : "9123123123" , "Gender" : "Male"} , { "_id" : { "$oid" : "5f7d858a5d0e65146b2ad46c"} , "FirstName" : "BEENA" , "LastName" : "PATEL" , "Email" : "BEENA@GMAIL.com" , "Phone" : "6959201514" , "Gender" : "FeMale"} , { "_id" : { "$oid" : "5f7d87105d0e65146b2ad4f7"} , "FirstName" : "Sree" , "LastName" : "Bawa" , "Email" : "bawa@gmail.com" , "Phone" : "8013256485" , "Gender" : "Male"} , { "_id" : { "$oid" : "5f7d89c41f6e4f5765013d8f"} , "FirstName" : "beena" , "LastName" : "patel" , "Email" : "beena.patel@gmail.com" , "Phone" : "6952362562" , "Gender" : "FeMale"} , { "_id" : { "$oid" : "5f7d8f451f6e4f576501413f"} , "FirstName" : "Vel harum quia neces" , "LastName" : "Eligendi placeat au" , "Email" : "wore@mailinator.com" , "Phone" : "1515746831" , "Gender" : "FeMale"} , { "_id" : { "$oid" : "5f7d90145d0e65146b2ae100"} , "FirstName" : "Rae" , "LastName" : "Almonte" , "Email" : "Rae1062@example.com" , "Phone" : "2084818410" , "Gender" : "Male"} , { "_id" : { "$oid" : "5f7d90bf5d0e65146b2ae14e"} , "FirstName" : "Tarsha" , "LastName" : "Ackerson" , "Email" : "Tarsha1041@example.com" , "Phone" : "2627497504" , "Gender" : "Male"} , { "_id" : { "$oid" : "5f7d90e21f6e4f57650141f0"} , "FirstName" : "Slyvia" , "LastName" : "Wise" , "Email" : "Slyvia1079@example.com" , "Phone" : "3065058588" , "Gender" : "Male"} , { "_id" : { "$oid" : "5f7dc2495d0e65146b2b18f5"} , "FirstName" : "ss" , "LastName" : "ss" , "Email" : "ss@yahoo.com" , "Phone" : "1212121212" , "Gender" : "FeMale"} , { "_id" : { "$oid" : "5f8ad07f5d0e65146b464fde"} , "FirstName" : "Akbar" , "LastName" : "Shaik" , "Email" : "akbarshaik911@gmail.com" , "Phone" : "9492667682" , "Gender" : "Male"} , { "_id" : { "$oid" : "5f8c46311f6e4f5765234dac"} , "FirstName" : "Michael" , "LastName" : "Camacho" , "Email" : "samanthachambers@phelps.com" , "Phone" : "7417016684" , "Gender" : "Male"} , { "_id" : { "$oid" : "5f8c4b9b1f6e4f5765235240"} , "FirstName" : "A@" , "LastName" : "A@" , "Email" : "A@teste.com" , "Phone" : "1234467890" , "Gender" : "Male"} , { "_id" : { "$oid" : "5f8c594b1f6e4f5765236f20"} , "FirstName" : "Dikshant" , "LastName" : "Agarwal" , "Email" : "dikshantagarwal.maxout@gmail.com" , "Phone" : "8285877899" , "Gender" : "Male"} , { "_id" : { "$oid" : "5f8d47905d0e65146b4b8266"} , "FirstName" : "Oct192020" , "LastName" : "Oct192020" , "Email" : "Oct192020@gmail.com" , "Phone" : "1020201234" , "Gender" : "FeMale"} , { "_id" : { "$oid" : "5fa29b365d0e65146b7453af"} , "FirstName" : "Devendran" , "LastName" : "Venkatesan" , "Email" : "Torres@gmail.com" , "Phone" : "9948523858" , "Gender" : "Male"} , { "_id" : { "$oid" : "5fac1f6c1f6e4f50fcf10134"} , "FirstName" : "Alaa" , "LastName" : "Saleh" , "Email" : "Vatowme@gmail.com" , "Phone" : "5713737559" , "Gender" : "Male"} , { "_id" : { "$oid" : "5fac30405d0e653dcc15703a"} , "FirstName" : "Minnie" , "LastName" : "Sakurai" , "Email" : "ef@tiapjuh.gr" , "Phone" : "3573437718" , "Gender" : "FeMale"} , { "_id" : { "$oid" : "5fb97fa31f6e4f39a263ed3d"} , "Email" : "teste@testiculo" , "Phone" : "7199998888"} , { "_id" : { "$oid" : "5fba189b5d0e651910f2f73b"} , "FirstName" : "ramesh" , "LastName" : "korla" , "Email" : "ramesh.korla@yahoo.com" , "Phone" : "8555012511" , "Gender" : "Male"} , { "_id" : { "$oid" : "5fbb95d75d0e651910f6e7fb"} , "FirstName" : "Kumar" , "LastName" : "naga" , "Email" : "kumar@gmail.com" , "Phone" : "1298764439"} , { "_id" : { "$oid" : "5fbbe41a1f6e4f39a267a347"} , "FirstName" : "Bla Bla" , "LastName" : "Bla Bla" , "Email" : "qwe@qwe.com" , "Phone" : "0000011111" , "Gender" : "Male"} , { "_id" : { "$oid" : "5fbbe44f5d0e651910f761e0"} , "FirstName" : "workshop" , "LastName" : "isobar" , "Email" : "workshop@isobar.com" , "Phone" : "9100000000" , "Gender" : "FeMale"} , { "_id" : { "$oid" : "5fbbe4cd5d0e651910f7624d"} , "FirstName" : "Joey" , "LastName" : "Green" , "Email" : "try@gmail.com" , "Phone" : "9001444444" , "Gender" : "FeMale"} , { "_id" : { "$oid" : "5fbbe51d1f6e4f39a267a3f9"} , "FirstName" : "workshop" , "LastName" : "isobar" , "Email" : "workshop@isobar.com1" , "Phone" : "9110000000" , "Gender" : "FeMale"} , { "_id" : { "$oid" : "5fbbe62c5d0e651910f762cb"} , "FirstName" : "workshop" , "LastName" : "isobar" , "Email" : "workshop@isobar.com2" , "Phone" : "9120000000" , "Gender" : "FeMale"} , { "_id" : { "$oid" : "5fbbe70c5d0e651910f7645b"} , "FirstName" : "Gregory" , "LastName" : "Parker" , "Email" : "biepigos@jofile.py" , "Phone" : "5799866011" , "Gender" : "FeMale"} , { "_id" : { "$oid" : "5fbbe84e1f6e4f39a267a632"} , "FirstName" : "workshop" , "LastName" : "isobar" , "Email" : "workshop@isobar.3com2" , "Phone" : "9130000000" , "Gender" : "FeMale"} , { "_id" : { "$oid" : "5fbbe8c05d0e651910f76522"} , "FirstName" : "workshop" , "LastName" : "isobar" , "Email" : "workshop@isobar.com4" , "Phone" : "9140000000" , "Gender" : "FeMale"} , { "_id" : { "$oid" : "5fbbf4311f6e4f39a267ab43"} , "FirstName" : "workshop" , "LastName" : "isobar" , "Email" : "workshop@isobar.com7" , "Phone" : "9170000000" , "Gender" : "Male"} , { "_id" : { "$oid" : "5fbbf96a5d0e651910f76b54"} , "FirstName" : "Shabana" , "LastName" : "Rahman" , "Email" : "shabana.rahman@gmail.com" , "Phone" : "9811650377" , "Gender" : "FeMale"} , { "_id" : { "$oid" : "5fbc8b961f6e4f39a26a02d2"} , "Email" : "fghfgf@gmail.com" , "Phone" : "4564212145"} , { "_id" : { "$oid" : "5fbe03521f6e4f39a26d2586"} , "Gender" : "Male"} , { "_id" : { "$oid" : "5fbe2edf1f6e4f39a26d6454"} , "Email" : "slp@givu.fr" , "Phone" : "2012121212" , "Gender" : "Male"} , { "_id" : { "$oid" : "5fc05a731f6e4f39a272dc74"} , "Email" : "juliana@hotmail.com" , "Phone" : "1633337451"} , { "_id" : { "$oid" : "5f68672e1f6e4f5765bf06a8"} , "FirstName" : "Ashwini" , "LastName" : "Chaudhari" , "Email" : "ashwinichaudhari@gmail.com" , "Phone" : "8796577678" , "Gender" : "FeMale"} , { "_id" : { "$oid" : "5f6873dc1f6e4f5765bf155c"} , "FirstName" : "MOHSIN" , "LastName" : "SHAIKH" , "Email" : "mohsin82374@gmail.com" , "Phone" : "8237417125" , "Gender" : "Male"} , { "_id" : { "$oid" : "5f688cb25d0e65146be8908b"} , "FirstName" : "Padmapriya" , "LastName" : "Inbasekaran" , "Email" : "abcd@gmail.com" , "Phone" : "9234567747" , "Gender" : "FeMale"} , { "_id" : { "$oid" : "5f6891cd5d0e65146be89488"} , "FirstName" : "Srikanth" , "LastName" : "Reddy" , "Email" : "test@test.com1" , "Phone" : "9876113211" , "Gender" : "Male"} , { "_id" : { "$oid" : "5f6894531f6e4f5765bf3920"} , "FirstName" : "Sri" , "LastName" : "Kanth" , "Email" : "test@test.orgg" , "Phone" : "9876543212" , "Gender" : "Male"} , { "_id" : { "$oid" : "5f68e3a15d0e65146be8ec7e"} , "FirstName" : "Divya" , "LastName" : "Deshpande" , "Email" : "himadri.tandon@gmail.com" , "Phone" : "7961230519" , "Gender" : "Male"} , { "_id" : { "$oid" : "5f68e3b95d0e65146be8ec8a"} , "FirstName" : "Ranjeet" , "LastName" : "Gowda" , "Email" : "meghnad.gill@yahoo.co.in" , "Phone" : "2493872746" , "Gender" : "Male"} , { "_id" : { "$oid" : "5f68ee2b1f6e4f5765bf97d0"} , "FirstName" : "Nevaeh" , "LastName" : "Cameron" , "Email" : "cameron@yahoo.com" , "Phone" : "3069903574" , "Gender" : "Male"} , { "_id" : { "$oid" : "5f6908381f6e4f5765bfae87"} , "FirstName" : "Mary" , "LastName" : "Perez" , "Email" : "shawna.bergstr@yahoo.com" , "Phone" : "5202918070" , "Gender" : "FeMale"} , { "_id" : { "$oid" : "5f69084a1f6e4f5765bfae8b"} , "FirstName" : "Peter" , "LastName" : "Corley" , "Email" : "haley.becke1@gmail.com" , "Phone" : "7124278319" , "Gender" : "Male"} , { "_id" : { "$oid" : "5f69085d1f6e4f5765bfae93"} , "FirstName" : "Lloyd" , "LastName" : "Warren" , "Email" : "mollie2001@yahoo.com" , "Phone" : "4049037792" , "Gender" : "Male"} , { "_id" : { "$oid" : "5f6908de5d0e65146be902fe"} , "FirstName" : "Candice" , "LastName" : "Carnahan" , "Email" : "ale.hue@gmail.com" , "Phone" : "2012321798" , "Gender" : "FeMale"} , { "_id" : { "$oid" : "5f6908f21f6e4f5765bfaee5"} , "FirstName" : "Charlotte" , "LastName" : "Barber" , "Email" : "ralph1985@yahoo.com" , "Phone" : "3043123499" , "Gender" : "FeMale"} , { "_id" : { "$oid" : "5f6909601f6e4f5765bfaf19"} , "FirstName" : "Nathan" , "LastName" : "Witkowski" , "Email" : "charlie2015@hotmail.com" , "Phone" : "2108236000" , "Gender" : "Male"} , { "_id" : { "$oid" : "5f690cec1f6e4f5765bfb100"} , "FirstName" : "Venkata Dathatreya" , "LastName" : "Kukkadala" , "Email" : "sample@gmail.com" , "Phone" : "8121330535" , "Gender" : "Male"} , { "_id" : { "$oid" : "5f690d865d0e65146be90569"} , "FirstName" : "Venkata Dathatreya" , "LastName" : "Kukkadala" , "Email" : "sample@gmail.com" , "Phone" : "8121330535" , "Gender" : "Male"} , { "_id" : { "$oid" : "5f6913d61f6e4f5765bfb763"} , "FirstName" : "Romilton" , "LastName" : "Viana" , "Email" : "rvpaixao@der.sp.gov.br" , "Phone" : "1199999999" , "Gender" : "Male"} , { "_id" : { "$oid" : "5f691baa1f6e4f5765bfbc8d"} , "FirstName" : "Stephen" , "LastName" : "Smith" , "Email" : "stephen.3.smith@atos.net" , "Phone" : "7891360327" , "Gender" : "Male"} , { "_id" : { "$oid" : "5f693a061f6e4f5765bfcece"} , "FirstName" : "Ralph" , "LastName" : "Chevallier" , "Email" : "co@il.nc" , "Phone" : "3178208357" , "Gender" : "FeMale"} , { "_id" : { "$oid" : "5f693c485d0e65146be938d1"} , "FirstName" : "Lena" , "LastName" : "Harris" , "Email" : "ujguz@otrul.sh" , "Phone" : "7708514866" , "Gender" : "FeMale"} , { "_id" : { "$oid" : "5f693d7b5d0e65146be93952"} , "FirstName" : "Edwin" , "LastName" : "Payne" , "Email" : "fi@ru.gg" , "Phone" : "8314936971" , "Gender" : "FeMale"} , { "_id" : { "$oid" : "5f693dfe1f6e4f5765bfd1b4"} , "FirstName" : "Bobomurod" , "LastName" : "Kamalov" , "Email" : "bobomurod.kamalov@mail.ru" , "Phone" : "7075054411" , "Gender" : "Male"} , { "_id" : { "$oid" : "5f6945d55d0e65146be93da7"} , "FirstName" : "Jorge" , "LastName" : "Lopez" , "Email" : "jelopez@gmail.com" , "Phone" : "5228897796" , "Gender" : "Male"} , { "_id" : { "$oid" : "5f694bd21f6e4f5765bfd870"} , "FirstName" : "Lala" , "LastName" : "Rustamova" , "Email" : "lalalsd22051971@gmail.com" , "Phone" : "7866034057" , "Gender" : "FeMale"} , { "_id" : { "$oid" : "5f694c051f6e4f5765bfd87f"} , "FirstName" : "Leonid" , "LastName" : "Yakovlev" , "Email" : "yakls@mail.ru" , "Phone" : "2024760207" , "Gender" : "Male"} , { "_id" : { "$oid" : "5f6952d85d0e65146beae597"} , "FirstName" : "Lala" , "LastName" : "Rustamova" , "Email" : "lllail@gmail.com" , "Phone" : "7866699696" , "Gender" : "FeMale"} , { "_id" : { "$oid" : "5f6962045d0e65146beb451a"} , "FirstName" : "Kishor" , "LastName" : "Gaikwad" , "Email" : "kishorgaikwad12@gmail.com" , "Phone" : "8142185546" , "Gender" : "FeMale"} , { "_id" : { "$oid" : "5f696d141f6e4f5765c05106"} , "FirstName" : "brad" , "LastName" : "pitt" , "Email" : "brad@gmail.com" , "Phone" : "9842052416" , "Gender" : "Male"} , { "_id" : { "$oid" : "5f696d225d0e65146beb529d"} , "FirstName" : "taylor" , "LastName" : "Swift" , "Email" : "swift@gmail.com" , "Phone" : "9884828414" , "Gender" : "FeMale"} , { "_id" : { "$oid" : "5f698a735d0e65146beb7341"} , "FirstName" : "Venkata Dathatreya" , "LastName" : "Kukkadala" , "Email" : "sample@gmail.com" , "Phone" : "8121330535" , "Gender" : "Male"} , { "_id" : { "$oid" : "5f698b195d0e65146beb7636"} , "FirstName" : "Venkata Dathatreya" , "LastName" : "Kukkadala" , "Email" : "sample@gmail.com" , "Phone" : "8121330535" , "Gender" : "Male"} , { "_id" : { "$oid" : "5f698b825d0e65146beb7670"} , "FirstName" : "Venkata Dathatreya" , "LastName" : "Kukkadala" , "Email" : "sample@gmail.com" , "Phone" : "8121330535" , "Gender" : "Male"} , { "_id" : { "$oid" : "5f698c6c1f6e4f5765c07c8b"} , "FirstName" : "brad" , "LastName" : "pitt" , "Email" : "brad@gmail.com" , "Phone" : "9842052416" , "Gender" : "Male"} , { "_id" : { "$oid" : "5f698c9b5d0e65146beb773e"} , "FirstName" : "taylor" , "LastName" : "Swift" , "Email" : "swift@gmail.com" , "Phone" : "9884828414" , "Gender" : "FeMale"} , { "_id" : { "$oid" : "5f698d5f5d0e65146beb7819"} , "FirstName" : "brad" , "LastName" : "pitt" , "Email" : "brad@gmail.com" , "Phone" : "9842052416" , "Gender" : "Male"} , { "_id" : { "$oid" : "5f699fc01f6e4f5765c08af0"} , "FirstName" : "Johanes" , "LastName" : "Johanes" , "Email" : "johanes@email.com" , "Phone" : "1234567882" , "Gender" : "Male"} , { "_id" : { "$oid" : "5f69beb65d0e65146bebaf37"} , "FirstName" : "ratish" , "LastName" : "patil" , "Email" : "amit@123gmail.com" , "Phone" : "8976544564" , "Gender" : "Male"} , { "_id" : { "$oid" : "5f69cc5e5d0e65146bebc02d"} , "FirstName" : "Meghana" , "LastName" : "Seeram" , "Email" : "meghana@gmail.com" , "Phone" : "7989507492" , "Gender" : "FeMale"} , { "_id" : { "$oid" : "5f69d7581f6e4f5765c0cc41"} , "FirstName" : "ramya" , "LastName" : "Rejeti" , "Email" : "ra@yahoo.com" , "Phone" : "9989896514" , "Gender" : "FeMale"} , { "_id" : { "$oid" : "5f69d9d31f6e4f5765c0cdc4"} , "FirstName" : "Srikanth" , "LastName" : "Reddy" , "Email" : "test123@test.org" , "Phone" : "9876543345" , "Gender" : "Male"} , { "_id" : { "$oid" : "5f69e5475d0e65146bebdc8f"} , "FirstName" : "Arpita" , "LastName" : "Singh" , "Email" : "arpita@test.com" , "Phone" : "9585658596" , "Gender" : "FeMale"} , { "_id" : { "$oid" : "5f69e74c5d0e65146bebdde0"} , "FirstName" : "First-359441348" , "LastName" : "Last--1691056512" , "Email" : "email--346752395@gmail.com" , "Phone" : "3333036407" , "Gender" : "Male"} , { "_id" : { "$oid" : "5f69f0785d0e65146bebec44"} , "FirstName" : "Rukhmani" , "LastName" : "Reddy" , "Email" : "chandravati.achari@hotmail.com" , "Phone" : "1858228654" , "Gender" : "Male"} , { "_id" : { "$oid" : "5f69f0951f6e4f5765c0ef86"} , "FirstName" : "Vrund" , "LastName" : "Butt" , "Email" : "ahilya.achari@gmail.com" , "Phone" : "2402575186" , "Gender" : "Male"} , { "_id" : { "$oid" : "5f69f0dd1f6e4f5765c0efb9"} , "FirstName" : "Kaylee" , "LastName" : "Gill" , "Email" : "kaylee.gill@gmail.com" , "Phone" : "0132640642" , "Gender" : "Male"} , { "_id" : { "$oid" : "5f69f1155d0e65146bebecb6"} , "FirstName" : "Isaac" , "LastName" : "Mcpherson" , "Email" : "isaac.mcpherson@yahoo.com" , "Phone" : "4896952832" , "Gender" : "Male"} , { "_id" : { "$oid" : "5f6a13835d0e65146bec27e5"} , "FirstName" : "Flavio" , "LastName" : "DIAS" , "Email" : "flavio_goncalvesdias@yahoo.com.br" , "Phone" : "4534567899" , "Gender" : "Male"} , { "_id" : { "$oid" : "5f6a47551f6e4f5765c15cfd"} , "FirstName" : "alt14" , "LastName" : "alt14" , "Email" : "test23@bol.com" , "Phone" : "1214565890" , "Gender" : "FeMale"} , { "_id" : { "$oid" : "5f6a49225d0e65146bec49be"} , "FirstName" : "alt15" , "LastName" : "alt15" , "Email" : "test53@bol.com" , "Phone" : "1214565590" , "Gender" : "FeMale"} , { "_id" : { "$oid" : "5f6a49fa1f6e4f5765c15e5b"} , "FirstName" : "alt16" , "LastName" : "alt16" , "Email" : "alt16@bol.com" , "Phone" : "1214560590" , "Gender" : "FeMale"} , { "_id" : { "$oid" : "5f6a80395d0e65146bec70b6"} , "FirstName" : "Jorge" , "LastName" : "Lopez" , "Email" : "email@addres.com" , "Phone" : "2345678922" , "Gender" : "Male"} , { "_id" : { "$oid" : "5f6ad8825d0e65146bed5115"} , "FirstName" : "abishek" , "LastName" : "srinivasan" , "Email" : "asdfg@yahoo.com" , "Phone" : "7094547641" , "Gender" : "Male"} , { "_id" : { "$oid" : "5f6ae47f5d0e65146bed5f46"} , "FirstName" : "Pankaj" , "LastName" : "Gupta" , "Email" : "PankajKit@gmail.com" , "Phone" : "7795856145" , "Gender" : "Male"} , { "_id" : { "$oid" : "5f6ae4a91f6e4f5765c3efb2"} , "FirstName" : "Pankaj" , "LastName" : "Gupta" , "Email" : "PankajKit@gmail.com" , "Phone" : "7795856145" , "Gender" : "Male"} , { "_id" : { "$oid" : "5f6ae6ba5d0e65146bed6084"} , "FirstName" : "Pankaj" , "LastName" : "Gupta" , "Email" : "pankajkit@gmail.com" , "Phone" : "7795856145" , "Gender" : "Male"} , { "_id" : { "$oid" : "5f6aff941f6e4f5765c41230"} , "FirstName" : "Akhila" , "LastName" : "PanadiAndhra Pradesh" , "Email" : "akhi4c0@gmail.com" , "Phone" : "7093667986" , "Gender" : "FeMale"} , { "_id" : { "$oid" : "5f6b04451f6e4f5765c41577"} , "FirstName" : "Roger" , "LastName" : "Smith" , "Email" : "rs@gmail.com" , "Phone" : "9078563412" , "Gender" : "Male"} , { "_id" : { "$oid" : "5f6b05465d0e65146bed8ce8"} , "FirstName" : "Akhila" , "LastName" : "PanadiAndhra Pradesh" , "Email" : "akhi4c0@gmail.com" , "Phone" : "7093667986" , "Gender" : "FeMale"} , { "_id" : { "$oid" : "5f6b0fa01f6e4f5765c41cec"} , "FirstName" : "Alfin" , "LastName" : "Xavier" , "Email" : "alfin.anthonyraj@atmecs.com" , "Phone" : "9924748593" , "Gender" : "FeMale"} , { "_id" : { "$oid" : "5f6b279a1f6e4f5765c4370e"} , "FirstName" : "Akhila" , "LastName" : "PanadiGuntur,Andhra Pradesh" , "Email" : "akhi4c0@gmail.com" , "Phone" : "7093667986" , "Gender" : "FeMale"} , { "_id" : { "$oid" : "5f6b467d5d0e65146bedc9c4"} , "FirstName" : "Uttam" , "LastName" : "Trivedi" , "Email" : "uttamkumartrivedi2018@gmail.com" , "Phone" : "7070066465" , "Gender" : "Male"} , { "_id" : { "$oid" : "5f6b547d1f6e4f5765c466af"} , "FirstName" : "Test" , "LastName" : "Test" , "Email" : "test@email.com" , "Phone" : "7129102972" , "Gender" : "Male"} , { "_id" : { "$oid" : "5f6b60a25d0e65146bedf366"} , "FirstName" : "Urvashi" , "LastName" : "Khanwalkar" , "Email" : "urvashi@gmail.com" , "Phone" : "9450075214" , "Gender" : "FeMale"} , { "_id" : { "$oid" : "5f6b88115d0e65146bee14d3"} , "FirstName" : "Rupak" , "LastName" : "Anna" , "Email" : "abc@bbc.com" , "Phone" : "8804455566" , "Gender" : "Male"} , { "_id" : { "$oid" : "5f6b94251f6e4f5765c4a8a9"} , "FirstName" : "Michael" , "LastName" : "Mannucci" , "Email" : "feut@rongonsiw.fr" , "Phone" : "5569628417" , "Gender" : "FeMale"} , { "_id" : { "$oid" : "5f6ba1575d0e65146bee2742"} , "FirstName" : "Anand" , "LastName" : "Deshmukh" , "Email" : "anandgdeshmukh@gmail.com" , "Phone" : "7709945085" , "Gender" : "Male"} , { "_id" : { "$oid" : "5f6ba1575d0e65146bee2743"} , "FirstName" : "Anand" , "LastName" : "Deshmukh" , "Email" : "anandgdeshmukh@gmail.com" , "Phone" : "7709945085" , "Gender" : "Male"} , { "_id" : { "$oid" : "5f6bc78f1f6e4f5765c4d513"} , "FirstName" : "Ann" , "LastName" : "Malevolti" , "Email" : "rigci@af.org" , "Phone" : "4198129751" , "Gender" : "FeMale"} , { "_id" : { "$oid" : "5f6bd94e1f6e4f5765c862ac"} , "FirstName" : "Ronaldo" , "LastName" : "Pinto" , "Email" : "mail20200923202459122942600@mail.com" , "Phone" : "9204172596" , "Gender" : "Male"} , { "_id" : { "$oid" : "5f6bd99b5d0e65146bf1f2f6"} , "FirstName" : "Herminia" , "LastName" : "Treutel" , "Email" : "herminia@manncrona.biz" , "Phone" : "5380714682" , "Gender" : "Male"} , { "_id" : { "$oid" : "5f6be44b5d0e65146bf26093"} , "FirstName" : "Adele" , "LastName" : "Marinai" , "Email" : "gute@ti.de" , "Phone" : "3197583588" , "Gender" : "FeMale"} , { "_id" : { "$oid" : "5f6c0e7a5d0e65146bf32839"} , "FirstName" : "Juan" , "LastName" : "Mendoza" , "Email" : "testEmail@aumation.qa" , "Phone" : "1231231231" , "Gender" : "FeMale"} , { "_id" : { "$oid" : "5f6c20f15d0e65146bf34619"} , "FirstName" : "DDD" , "LastName" : "DDD" , "Email" : "jramirez2803@gmail.com" , "Phone" : "5222222222" , "Gender" : "FeMale"} , { "_id" : { "$oid" : "5f6c79251f6e4f5765cbb1bc"} , "FirstName" : "sai" , "LastName" : "madhuri" , "Email" : "saimadhuri.ece@gmail.com" , "Phone" : "9188997766" , "Gender" : "FeMale"} , { "_id" : { "$oid" : "5f6c7e501f6e4f5765cbb4f1"} , "FirstName" : "test" , "LastName" : "test" , "Email" : "test12@gmail.com" , "Phone" : "9876543200" , "Gender" : "FeMale"} , { "_id" : { "$oid" : "5f6c7ef51f6e4f5765cbb54d"} , "FirstName" : "asd" , "LastName" : "sdf" , "Email" : "amu@gmail.com" , "Phone" : "6789054321" , "Gender" : "FeMale"} , { "_id" : { "$oid" : "5f6c7f005d0e65146bf3b190"} , "FirstName" : "Amit" , "LastName" : "Parit" , "Email" : "xyz@gmail.com" , "Phone" : "7709121387" , "Gender" : "Male"} , { "_id" : { "$oid" : "5f6c87b11f6e4f5765cbd3c6"} , "FirstName" : "Shawn" , "LastName" : "Parkin" , "Email" : "ci@co.gi" , "Phone" : "9887639680" , "Gender" : "FeMale"} , { "_id" : { "$oid" : "5f6c88941f6e4f5765cbd46d"} , "FirstName" : "Ann" , "LastName" : "Wilson" , "Email" : "evso@gop.jo" , "Phone" : "6653134876" , "Gender" : "FeMale"} , { "_id" : { "$oid" : "5f6c88fe5d0e65146bf3d2e9"} , "FirstName" : "Jeremy" , "LastName" : "Griffin" , "Email" : "bor@ruuguh.va" , "Phone" : "6453179985" , "Gender" : "FeMale"} , { "_id" : { "$oid" : "5f6c89661f6e4f5765cbd4fb"} , "FirstName" : "Jimmy" , "LastName" : "Ballerini" , "Email" : "sopdajgar@navi.kh" , "Phone" : "7527112534" , "Gender" : "FeMale"} , { "_id" : { "$oid" : "5f6c90ae5d0e65146bf3da83"} , "FirstName" : "Baranitharan" , "LastName" : "Sundararjan" , "Email" : "sbarani46@gmail.com" , "Phone" : "8220611068" , "Gender" : "Male"} , { "_id" : { "$oid" : "5f6c9a345d0e65146bf3e1a2"} , "FirstName" : "John" , "LastName" : "Doe" , "Email" : "Jhon@gmail.com" , "Phone" : "7411589732" , "Gender" : "Male"} , { "_id" : { "$oid" : "5f6cdb2b1f6e4f5765cc3340"} , "FirstName" : "abc" , "LastName" : "sdch" , "Email" : "khd@gmail.com" , "Phone" : "2889358723" , "Gender" : "Male"} , { "_id" : { "$oid" : "5f6ce07f1f6e4f5765cc38c2"} , "FirstName" : "Brett" , "LastName" : "Lee" , "Email" : "lee@gmail.com" , "Phone" : "7876543210" , "Gender" : "Male"} , { "_id" : { "$oid" : "5f6ce64a5d0e65146bf43464"} , "FirstName" : "dds" , "LastName" : "dff" , "Email" : "dhd@gmail.com" , "Phone" : "9658743210" , "Gender" : "Male"} , { "_id" : { "$oid" : "5f6cebc25d0e65146bf436da"} , "FirstName" : "Brett" , "LastName" : "Lee" , "Email" : "lee1@gmail.com" , "Phone" : "7876543211" , "Gender" : "Male"} , { "_id" : { "$oid" : "5f6cecd51f6e4f5765cc3e90"} , "FirstName" : "Kevin" , "LastName" : "Peterson" , "Email" : "kevin@gmail.com" , "Phone" : "8976543210" , "Gender" : "Male"} , { "_id" : { "$oid" : "5f6cf4f21f6e4f5765cc451d"} , "FirstName" : "Ankit" , "LastName" : "Kumar" , "Email" : "Ankit.Kumar@gmail.com" , "Phone" : "8798654321" , "Gender" : "Male"} , { "_id" : { "$oid" : "5f6d06885d0e65146bf44d88"} , "FirstName" : "Ankit" , "LastName" : "Kumar" , "Email" : "Ankit.Kumar1@gmail.com" , "Phone" : "0123456781" , "Gender" : "Male"} , { "_id" : { "$oid" : "5f6d160d5d0e65146bf45973"} , "FirstName" : "Chester" , "LastName" : "Vaughan" , "Email" : "mofad@vukamar.gb" , "Phone" : "6136958536" , "Gender" : "FeMale"} , { "_id" : { "$oid" : "5f6d17f25d0e65146bf45a78"} , "FirstName" : "Paulo" , "LastName" : "da Silva" , "Email" : "paulosilva@gmail.com" , "Phone" : "9204172596" , "Gender" : "Male"} , { "_id" : { "$oid" : "5f6d19571f6e4f5765cc60d5"} , "FirstName" : "Romilton" , "LastName" : "Viana" , "Email" : "rhom0909@teste.com" , "Phone" : "1155447788" , "Gender" : "Male"} , { "_id" : { "$oid" : "5f6d1b5e5d0e65146bf48721"} , "FirstName" : "Romilton" , "LastName" : "Viana" , "Email" : "rhom0908@teste.com" , "Phone" : "1155447787" , "Gender" : "Male"} , { "_id" : { "$oid" : "5f6d1cbd5d0e65146bf4af72"} , "FirstName" : "Michael" , "LastName" : "Patel" , "Email" : "bamig@meden.sb" , "Phone" : "4083445172" , "Gender" : "FeMale"} , { "_id" : { "$oid" : "5f6d277f5d0e65146bf635fb"} , "FirstName" : "yoqapa17" , "LastName" : "da Silva" , "Email" : "yoqapa17@gmail.com" , "Phone" : "7062175212" , "Gender" : "Male"} , { "_id" : { "$oid" : "5f6d3d6e1f6e4f5765cf4218"} , "FirstName" : "Craig" , "LastName" : "Cunningham" , "Email" : "limip@tujjo.no" , "Phone" : "3463444173" , "Gender" : "Male"} , { "_id" : { "$oid" : "5f6d3f061f6e4f5765cf43e7"} , "FirstName" : "Lucile" , "LastName" : "Schreiber" , "Email" : "teas@ov.bi" , "Phone" : "4255021464" , "Gender" : "FeMale"} , { "_id" : { "$oid" : "5f6d44195d0e65146bf8d00f"} , "FirstName" : "Alfred" , "LastName" : "Ciuffi" , "Email" : "do@guz.my" , "Phone" : "9678742001" , "Gender" : "FeMale"} , { "_id" : { "$oid" : "5f6d4c335d0e65146bf90816"} , "FirstName" : "EEE" , "LastName" : "EEE" , "Email" : "jramirez2803@prueba.com" , "Phone" : "3698754125" , "Gender" : "Male"} , { "_id" : { "$oid" : "5f6d4f8c1f6e4f5765cf9f51"} , "FirstName" : "July Patricia" , "LastName" : "Ramirez" , "Email" : "jramirezprueba@gmail.com" , "Phone" : "4569856965" , "Gender" : "FeMale"} , { "_id" : { "$oid" : "5f6d6f1f5d0e65146bf95cea"} , "FirstName" : "Elmer" , "LastName" : "Moretti" , "Email" : "cemidom@araeh.gn" , "Phone" : "7246619210" , "Gender" : "Male"} , { "_id" : { "$oid" : "5f6d73585d0e65146bf974da"} , "FirstName" : "sdss" , "LastName" : "sdsd" , "Email" : "sdas@asass.com" , "Phone" : "1197604679" , "Gender" : "Male"} , { "_id" : { "$oid" : "5f6d838e1f6e4f5765d00f8b"} , "FirstName" : "Demo1" , "LastName" : "Demo2" , "Email" : "test1.test2@gmail.com" , "Phone" : "9876543210" , "Gender" : "Male"} , { "_id" : { "$oid" : "5f6d87131f6e4f5765d012ec"} , "FirstName" : "Pankaj" , "LastName" : "Gupta" , "Email" : "PankajKit@gmail.com" , "Phone" : "7795856145" , "Gender" : "Male"} , { "_id" : { "$oid" : "5f6d93855d0e65146bf998b9"} , "FirstName" : "addd" , "LastName" : "zfsff" , "Email" : "mala123@gmail.com" , "Phone" : "9898987777" , "Gender" : "FeMale"} , { "_id" : { "$oid" : "5f6d99815d0e65146bf99dcd"} , "FirstName" : "jamal" , "LastName" : "hinush" , "Email" : "jamalhinush@gmail.com" , "Phone" : "9876543219" , "Gender" : "Male"} , { "_id" : { "$oid" : "5f6d99815d0e65146bf99dd0"} , "FirstName" : "jamal" , "LastName" : "hinush" , "Email" : "jamalhinush@gmail.com" , "Phone" : "9876543219" , "Gender" : "Male"} , { "_id" : { "$oid" : "5f6d9f665d0e65146bf9a634"} , "FirstName" : "Tejashri" , "LastName" : "Pawar" , "Email" : "tej@gmail.com" , "Phone" : "7721008662" , "Gender" : "FeMale"} , { "_id" : { "$oid" : "5f6d9fb41f6e4f5765d02f67"} , "FirstName" : "Sangeetha" , "LastName" : "Kumar" , "Email" : "sangeetha@gmail.com" , "Phone" : "9568321478" , "Gender" : "FeMale"} , { "_id" : { "$oid" : "5f6da0461f6e4f5765d030cb"} , "FirstName" : "Bhavana" , "LastName" : "Chaudhari" , "Email" : "bhavana@gmail.com" , "Phone" : "9865321489" , "Gender" : "FeMale"} , { "_id" : { "$oid" : "5f6da29b5d0e65146bf9a98b"} , "FirstName" : "Sai" , "LastName" : "Kumari" , "Email" : "Saikumari@gmail.com" , "Phone" : "9876543267" , "Gender" : "FeMale"} , { "_id" : { "$oid" : "5f6da3c45d0e65146bf9aa27"} , "FirstName" : "Tejashri" , "LastName" : "Pawar" , "Email" : "tej@gmail.com" , "Phone" : "7721008662" , "Gender" : "FeMale"} , { "_id" : { "$oid" : "5f6da49b5d0e65146bf9aacf"} , "FirstName" : "Deepak" , "LastName" : "Das" , "Email" : "kalyani@gmail.com" , "Phone" : "9458632147" , "Gender" : "Male"} , { "_id" : { "$oid" : "5f6da64d5d0e65146bf9ad56"} , "FirstName" : "Brett" , "LastName" : "Lee" , "Email" : "lee2@gmail.com" , "Phone" : "7876543212" , "Gender" : "Male"} , { "_id" : { "$oid" : "5f6da6ab5d0e65146bf9ad8a"} , "FirstName" : "sab" , "LastName" : "sa" , "Email" : "sfga@gmail.com" , "Phone" : "9658741230" , "Gender" : "FeMale"} , { "_id" : { "$oid" : "5f6da74a1f6e4f5765d03525"} , "FirstName" : "Kevin" , "LastName" : "Peterson" , "Email" : "kevin1@gmail.com" , "Phone" : "8976543211" , "Gender" : "Male"} , { "_id" : { "$oid" : "5f6db6691f6e4f5765d043ba"} , "FirstName" : "Brett" , "LastName" : "Lee" , "Email" : "lee3@gmail.com" , "Phone" : "7876543213" , "Gender" : "Male"} , { "_id" : { "$oid" : "5f6db6bf1f6e4f5765d0446b"} , "FirstName" : "Brett" , "LastName" : "Lee" , "Email" : "lee4@gmail.com" , "Phone" : "7876543214" , "Gender" : "Male"} , { "_id" : { "$oid" : "5f6db7121f6e4f5765d04498"} , "FirstName" : "Brett" , "LastName" : "Lee" , "Email" : "lee5@gmail.com" , "Phone" : "7876543215" , "Gender" : "Male"} , { "_id" : { "$oid" : "5f6db7841f6e4f5765d047f6"} , "FirstName" : "Brett" , "LastName" : "Lee" , "Email" : "lee6@gmail.com" , "Phone" : "7876543216" , "Gender" : "Male"} , { "_id" : { "$oid" : "5f6db80a5d0e65146bf9c4af"} , "FirstName" : "Kevin" , "LastName" : "Peterson" , "Email" : "kevin2@gmail.com" , "Phone" : "8976543212" , "Gender" : "FeMale"} , { "_id" : { "$oid" : "5f6db8445d0e65146bf9c4cb"} , "FirstName" : "Brett" , "LastName" : "Lee" , "Email" : "lee7@gmail.com" , "Phone" : "7876543217" , "Gender" : "Male"} , { "_id" : { "$oid" : "5f6db8b95d0e65146bf9c51b"} , "FirstName" : "Kevin" , "LastName" : "Peterson" , "Email" : "kevin3@gmail.com" , "Phone" : "8976543213" , "Gender" : "FeMale"} , { "_id" : { "$oid" : "5f6dbbb05d0e65146bf9c715"} , "FirstName" : "Brett" , "LastName" : "Lee" , "Email" : "lee8@gmail.com" , "Phone" : "7876543218" , "Gender" : "Male"} , { "_id" : { "$oid" : "5f6dbbc51f6e4f5765d04a9f"} , "FirstName" : "Kevin" , "LastName" : "Peterson" , "Email" : "kevin4@gmail.com" , "Phone" : "8976543214" , "Gender" : "FeMale"} , { "_id" : { "$oid" : "5f6dbfe65d0e65146bf9cab2"} , "FirstName" : "sai" , "LastName" : "kalyan" , "Email" : "saikalyanchinnu5@gmail.com" , "Phone" : "8639061735" , "Gender" : "Male"} , { "_id" : { "$oid" : "5f6dbfea5d0e65146bf9cab8"} , "FirstName" : "sai" , "LastName" : "kalyan" , "Email" : "saikalyanchinnu5@gmail.com" , "Phone" : "8639061735" , "Gender" : "Male"} , { "_id" : { "$oid" : "5f6dbff55d0e65146bf9cacf"} , "FirstName" : "sai" , "LastName" : "kalyan" , "Email" : "saikalyanchinnu5@gmail.com" , "Phone" : "8639061735" , "Gender" : "Male"} , { "_id" : { "$oid" : "5f6dc5705d0e65146bf9cefd"} , "FirstName" : "Bhavana" , "LastName" : "Chaudhari" , "Email" : "bhavanagc88@gmail.com" , "Phone" : "8007536838" , "Gender" : "FeMale"} , { "_id" : { "$oid" : "5f6dcdbf1f6e4f5765d05e52"} , "FirstName" : "Nelle" , "LastName" : "Piccardi" , "Email" : "sib@op.ly" , "Phone" : "2024947344" , "Gender" : "FeMale"} , { "_id" : { "$oid" : "5f6dcebe1f6e4f5765d05f1f"} , "FirstName" : "dfd" , "LastName" : "hgd" , "Email" : "sarikabodkhe@gmail.com" , "Phone" : "7057081210" , "Gender" : "Male"} , { "_id" : { "$oid" : "5f6de9041f6e4f5765d0819f"} , "FirstName" : "Renuka" , "LastName" : "Shiva" , "Email" : "renu@gmail.com" , "Phone" : "7013622472" , "Gender" : "FeMale"} , { "_id" : { "$oid" : "5f6de92c5d0e65146bf9ff84"} , "FirstName" : "Bava" , "LastName" : "Kumar" , "Email" : "shiva@gmail.com" , "Phone" : "7013256485" , "Gender" : "Male"} , { "_id" : { "$oid" : "5f6de98d5d0e65146bf9ffab"} , "FirstName" : "Amma" , "LastName" : "Jilebi" , "Email" : "amma@gmail.com" , "Phone" : "7013622589" , "Gender" : "FeMale"} , { "_id" : { "$oid" : "5f6de9b01f6e4f5765d081f0"} , "FirstName" : "Daddy" , "LastName" : "Jaggery" , "Email" : "daddy@gmail.com" , "Phone" : "7016244571" , "Gender" : "Male"} , { "_id" : { "$oid" : "5f6de9f95d0e65146bf9ffe1"} , "FirstName" : "Mavaya" , "LastName" : "Puri" , "Email" : "mava@gmail.com" , "Phone" : "1245236978" , "Gender" : "Male"} , { "_id" : { "$oid" : "5f6df4721f6e4f5765d0993f"} , "FirstName" : "Jerry" , "LastName" : "Crespo" , "Email" : "su@noufju.br" , "Phone" : "4266203054" , "Gender" : "FeMale"} , { "_id" : { "$oid" : "5f6df8791f6e4f5765d09c3c"} , "FirstName" : "Cory" , "LastName" : "Caselli" , "Email" : "lesi@fisidon.st" , "Phone" : "2696646215" , "Gender" : "FeMale"} , { "_id" : { "$oid" : "5f6dfd1a5d0e65146bfa2120"} , "FirstName" : "Margaret" , "LastName" : "Adkins" , "Email" : "elavjiw@rizus.cd" , "Phone" : "6825546486" , "Gender" : "Male"} , { "_id" : { "$oid" : "5f6dfed75d0e65146bfa2d64"} , "FirstName" : "Helen" , "LastName" : "Pichon" , "Email" : "rucce@azruj.uz" , "Phone" : "8244618197" , "Gender" : "Male"} , { "_id" : { "$oid" : "5f6e01511f6e4f5765d0acea"} , "FirstName" : "Eleanor" , "LastName" : "Murakami" , "Email" : "jisoj@waja.ky" , "Phone" : "9155017540" , "Gender" : "Male"} , { "_id" : { "$oid" : "5f6e015f5d0e65146bfa2ef9"} , "FirstName" : "Dustin" , "LastName" : "Pratt" , "Email" : "daf@workov.td" , "Phone" : "8726457845" , "Gender" : "Male"} , { "_id" : { "$oid" : "5f6e023c5d0e65146bfa2f65"} , "FirstName" : "Irene" , "LastName" : "Flowers" , "Email" : "jihfucu@busajo.cu" , "Phone" : "3643259241" , "Gender" : "Male"} , { "_id" : { "$oid" : "5f6e063a1f6e4f5765d0aff2"} , "FirstName" : "Louise" , "LastName" : "Kikuchi" , "Email" : "cepma@ilike.ax" , "Phone" : "9107186434" , "Gender" : "Male"} , { "_id" : { "$oid" : "5f6e196c5d0e65146bfa3fe7"} , "FirstName" : "Yogesh" , "LastName" : "Sri" , "Email" : "y@gmail.com" , "Phone" : "1234567890" , "Gender" : "Male"} , { "_id" : { "$oid" : "5f6e19e15d0e65146bfa4045"} , "FirstName" : "Yogesh" , "LastName" : "Sri" , "Email" : "y@gmail.com" , "Phone" : "1234567890" , "Gender" : "Male"} , { "_id" : { "$oid" : "5f6e1a2a5d0e65146bfa405f"} , "FirstName" : "Yogesh" , "LastName" : "Sri" , "Email" : "y@gmail.com" , "Phone" : "1234567890" , "Gender" : "Male"} , { "_id" : { "$oid" : "5f6e1bc55d0e65146bfa4156"} , "FirstName" : "Yogesh" , "LastName" : "Sri" , "Email" : "y@gmail.com" , "Phone" : "1234567890" , "Gender" : "Male"} , { "_id" : { "$oid" : "5f6e
[...]
<msg timestamp="20201127 17:41:18.120" level="INFO">To JSON using : pretty_print=False </msg>
<msg timestamp="20201127 17:41:18.126" level="INFO">${body} = [{'_id': {'$oid': '5fbfb6115d0e651910fbf370'}, 'FirstName': 'John', 'LastName': 'Jordan', 'Email': 'randy72@yahoo.com', 'Phone': '2533178218', 'Gender': 'Male'}, {'_id': {'$oid': '5fbfb6b55d0e651910fb...</msg>
<status status="PASS" starttime="20201127 17:41:18.112" endtime="20201127 17:41:18.126"></status>
</kw>
<kw name="Get Value From Json" library="JSONLibrary">
<doc>Get Value From JSON using JSONPath</doc>
<arguments>
<arg>${body}</arg>
<arg>$[0]._id</arg>
</arguments>
<assign>
<var>${name_value}</var>
</assign>
<msg timestamp="20201127 17:41:18.181" level="INFO">${name_value} = [{'$oid': '5fbfb6115d0e651910fbf370'}]</msg>
<status status="PASS" starttime="20201127 17:41:18.126" endtime="20201127 17:41:18.181"></status>
</kw>
<kw name="Convert To String" library="BuiltIn">
<doc>Converts the given item to a Unicode string.</doc>
<arguments>
<arg>${name_value}</arg>
</arguments>
<assign>
<var>${name_value}</var>
</assign>
<msg timestamp="20201127 17:41:18.182" level="INFO">${name_value} = [{'$oid': '5fbfb6115d0e651910fbf370'}]</msg>
<status status="PASS" starttime="20201127 17:41:18.181" endtime="20201127 17:41:18.182"></status>
</kw>
<kw name="Remove String" library="String">
<doc>Removes all ``removables`` from the given ``string``.</doc>
<arguments>
<arg>${name_value}</arg>
<arg>[{'$oid': '</arg>
<arg>'}]</arg>
</arguments>
<assign>
<var>${name_value}</var>
</assign>
<msg timestamp="20201127 17:41:18.182" level="INFO">${name_value} = 5fbfb6115d0e651910fbf370</msg>
<status status="PASS" starttime="20201127 17:41:18.182" endtime="20201127 17:41:18.182"></status>
</kw>
<kw name="Delete Request" library="RequestsLibrary">
<doc>Send a DELETE request on the session object found using the
given `alias`</doc>
<arguments>
<arg>API</arg>
<arg>${delete}${name_value}${apiKey}</arg>
</arguments>
<assign>
<var>${response}</var>
</assign>
<msg timestamp="20201127 17:41:18.314" level="INFO">DELETE Request : url=https://api.mlab.com/api/1/databases/userdetails/collections/newtable/5fbfb6115d0e651910fbf370?apiKey=YEX0M2QMPd7JWJw_ipMB3a5gDddt4B_X 
 path_url=/api/1/databases/userdetails/collections/newtable/5fbfb6115d0e651910fbf370?apiKey=YEX0M2QMPd7JWJw_ipMB3a5gDddt4B_X 
 headers={'User-Agent': 'python-requests/2.24.0', 'Accept-Encoding': 'gzip, deflate', 'Accept': '*/*', 'Connection': 'keep-alive', 'Content-Length': '0'} 
 body=None 
 </msg>
<msg timestamp="20201127 17:41:18.314" level="INFO">DELETE Response : url=https://api.mlab.com/api/1/databases/userdetails/collections/newtable/5fbfb6115d0e651910fbf370?apiKey=YEX0M2QMPd7JWJw_ipMB3a5gDddt4B_X 
 status=200, reason=200 
 body={ "_id" : { "$oid" : "5fbfb6115d0e651910fbf370"} , "FirstName" : "John" , "LastName" : "Jordan" , "Email" : "randy72@yahoo.com" , "Phone" : "2533178218" , "Gender" : "Male"} 
 </msg>
<msg timestamp="20201127 17:41:18.314" level="INFO">c:\python37\lib\site-packages\urllib3\connectionpool.py:847: InsecureRequestWarning: Unverified HTTPS request is being made. Adding certificate verification is strongly advised. See: https://urllib3.readthedocs.io/en/latest/advanced-usage.html#ssl-warnings
  InsecureRequestWarning)</msg>
<msg timestamp="20201127 17:41:18.315" level="INFO">${response} = &lt;Response [200]&gt;</msg>
<status status="PASS" starttime="20201127 17:41:18.182" endtime="20201127 17:41:18.315"></status>
</kw>
<kw name="Click Element" library="SeleniumLibrary">
<doc>Click the element identified by ``locator``.</doc>
<arguments>
<arg>${salvar}</arg>
</arguments>
<msg timestamp="20201127 17:41:18.316" level="INFO">Clicking element 'id:submitbtn'.</msg>
<status status="PASS" starttime="20201127 17:41:18.315" endtime="20201127 17:41:18.609"></status>
</kw>
<status status="PASS" starttime="20201127 17:41:17.027" endtime="20201127 17:41:18.610"></status>
</kw>
<kw name="Entao devo ser cadastrado com sucesso" library="kws">
<kw name="Wait Until Page Contains" library="SeleniumLibrary">
<doc>Waits until ``text`` appears on the current page.</doc>
<arguments>
<arg>WebTable</arg>
</arguments>
<status status="PASS" starttime="20201127 17:41:18.611" endtime="20201127 17:41:18.740"></status>
</kw>
<kw name="Sleep" library="BuiltIn">
<doc>Pauses the test executed for the given time.</doc>
<arguments>
<arg>2</arg>
</arguments>
<msg timestamp="20201127 17:41:20.741" level="INFO">Slept 2 seconds</msg>
<status status="PASS" starttime="20201127 17:41:18.740" endtime="20201127 17:41:20.741"></status>
</kw>
<kw name="Get Request" library="RequestsLibrary">
<doc>Send a GET request on the session object found using the
given `alias`</doc>
<arguments>
<arg>API</arg>
<arg>${newtable}</arg>
</arguments>
<assign>
<var>${response}</var>
</assign>
<msg timestamp="20201127 17:41:21.372" level="INFO">GET Request : url=https://api.mlab.com/api/1/databases/userdetails/collections/newtable?apiKey=YEX0M2QMPd7JWJw_ipMB3a5gDddt4B_X 
 path_url=/api/1/databases/userdetails/collections/newtable?apiKey=YEX0M2QMPd7JWJw_ipMB3a5gDddt4B_X 
 headers={'User-Agent': 'python-requests/2.24.0', 'Accept-Encoding': 'gzip, deflate', 'Accept': '*/*', 'Connection': 'keep-alive'} 
 body=None 
 </msg>
<msg timestamp="20201127 17:41:21.373" level="INFO">GET Response : url=https://api.mlab.com/api/1/databases/userdetails/collections/newtable?apiKey=YEX0M2QMPd7JWJw_ipMB3a5gDddt4B_X 
 status=200, reason=200 
 body=[ { "_id" : { "$oid" : "5fbfb6b55d0e651910fbf461"} , "FirstName" : "Seth" , "LastName" : "Gilbert" , "Email" : "alicia93@hotmail.com" , "Phone" : "5366139734" , "Gender" : "Male"} , { "_id" : { "$oid" : "5fbfba595d0e651910fbfb6f"} , "FirstName" : "Donald" , "LastName" : "Daniels" , "Email" : "jensenanthony@anderson.com" , "Phone" : "9648408898" , "Gender" : "Male"} , { "_id" : { "$oid" : "5fbfbbe21f6e4f39a270cf8e"} , "FirstName" : "akash" , "LastName" : "muchewad" , "Email" : "akash@gmail.com" , "Phone" : "9876543210" , "Gender" : "Male"} , { "_id" : { "$oid" : "5fbfbf0f5d0e651910fc11af"} , "FirstName" : "Jacob" , "LastName" : "Abbott" , "Email" : "ani@meovope.gf" , "Phone" : "5747403850" , "Gender" : "FeMale"} , { "_id" : { "$oid" : "5fbfc6ce1f6e4f39a270d639"} , "FirstName" : "Sagar" , "LastName" : "Jadhav" , "Email" : "sagarjadhav1612801587@gmail.com" , "Phone" : "1234569881" , "Gender" : "Male"} , { "_id" : { "$oid" : "5fc003d15d0e651910fc3639"} , "FirstName" : "Brad" , "LastName" : "Hayes" , "Email" : "audrey79@smith-thompson.com" , "Phone" : "6260723633" , "Gender" : "Male"} , { "_id" : { "$oid" : "5fc0054a1f6e4f39a270f6a9"} , "FirstName" : "Robert" , "LastName" : "Chung" , "Email" : "csanchez@hotmail.com" , "Phone" : "1984212127" , "Gender" : "Male"} , { "_id" : { "$oid" : "5fc005b15d0e651910fc36bf"} , "FirstName" : "Mark" , "LastName" : "Sanders" , "Email" : "morrisdenise@gmail.com" , "Phone" : "8525119687" , "Gender" : "Male"} , { "_id" : { "$oid" : "5fc14f105d0e651910fdd808"} , "FirstName" : "Justin" , "LastName" : "Taylor" , "Email" : "jeffreyavila@gmail.com" , "Phone" : "6896752660" , "Gender" : "Male"} , { "_id" : { "$oid" : "5fc14f915d0e651910fdd841"} , "FirstName" : "James" , "LastName" : "Daniel" , "Email" : "qblevins@williams-duncan.com" , "Phone" : "4097823763" , "Gender" : "Male"} , { "_id" : { "$oid" : "5fc150111f6e4f39a27411d2"} , "FirstName" : "Thomas" , "LastName" : "Turner" , "Email" : "frazierjohn@walker.biz" , "Phone" : "6541544784" , "Gender" : "Male"} , { "_id" : { "$oid" : "5fc150ec5d0e651910fdd8a6"} , "FirstName" : "Dominic" , "LastName" : "Black" , "Email" : "maria79@davis.info" , "Phone" : "1703265227" , "Gender" : "Male"} , { "_id" : { "$oid" : "5fc153b05d0e651910fdd9fe"} , "FirstName" : "Peter" , "LastName" : "Melendez" , "Email" : "qbaker@gmail.com" , "Phone" : "2139562874" , "Gender" : "Male"} , { "_id" : { "$oid" : "5fc154475d0e651910fdda73"} , "FirstName" : "Daniel" , "LastName" : "Scott" , "Email" : "olsonchristopher@yahoo.com" , "Phone" : "9676673209" , "Gender" : "Male"} , { "_id" : { "$oid" : "5fc156b51f6e4f39a274145d"} , "FirstName" : "William" , "LastName" : "Bauer" , "Email" : "howarddaniel@jacobs.net" , "Phone" : "7111208446" , "Gender" : "Male"} , { "_id" : { "$oid" : "5fc156d55d0e651910fddb3c"} , "FirstName" : "John" , "LastName" : "Sanders" , "Email" : "desireerojas@jones.info" , "Phone" : "9517093331" , "Gender" : "Male"} , { "_id" : { "$oid" : "5fc1581e1f6e4f39a27414ca"} , "FirstName" : "Jay" , "LastName" : "Davidson" , "Email" : "shelleyrichardson@scott-murphy.com" , "Phone" : "3658005720" , "Gender" : "Male"} , { "_id" : { "$oid" : "5fc1583e1f6e4f39a27414d5"} , "FirstName" : "Jason" , "LastName" : "Lopez" , "Email" : "henrysmith@watts.biz" , "Phone" : "5255153895" , "Gender" : "Male"} , { "_id" : { "$oid" : "5fc158931f6e4f39a27414fd"} , "FirstName" : "Jim" , "LastName" : "Miller" , "Email" : "kingelizabeth@solomon.info" , "Phone" : "1184671013" , "Gender" : "Male"} , { "_id" : { "$oid" : "5fc159661f6e4f39a274153a"} , "FirstName" : "Cody" , "LastName" : "Duncan" , "Email" : "vmontgomery@gmail.com" , "Phone" : "2284230130" , "Gender" : "Male"} , { "_id" : { "$oid" : "5fc159a85d0e651910fddc26"} , "FirstName" : "Kevin" , "LastName" : "Johnson" , "Email" : "adam49@le-brown.com" , "Phone" : "5800792454" , "Gender" : "Male"} , { "_id" : { "$oid" : "5fc15a501f6e4f39a274158b"} , "FirstName" : "Brandon" , "LastName" : "Johnson" , "Email" : "owenssue@goodwin.com" , "Phone" : "5063278041" , "Gender" : "Male"} , { "_id" : { "$oid" : "5fc15e301f6e4f39a2741700"} , "FirstName" : "David" , "LastName" : "Aguilar" , "Email" : "michellemeza@bell-smith.com" , "Phone" : "5110493761" , "Gender" : "Male"} , { "_id" : { "$oid" : "5fc15f2a1f6e4f39a27418a6"} , "FirstName" : "Jason" , "LastName" : "Allen" , "Email" : "jennifercarpenter@cox.com" , "Phone" : "8424746956" , "Gender" : "Male"} , { "_id" : { "$oid" : "5fc163465d0e651910fde123"} , "FirstName" : "Stephen" , "LastName" : "Rodriguez" , "Email" : "robert89@yahoo.com" , "Phone" : "9403874625" , "Gender" : "Male"} , { "_id" : { "$oid" : "5fc163fe5d0e651910fde151"} , "FirstName" : "Ronald" , "LastName" : "Martin" , "Email" : "steven91@oliver-michael.com" , "Phone" : "8079090272" , "Gender" : "Male"} , { "_id" : { "$oid" : "5fc164355d0e651910fde165"} , "FirstName" : "Jeffrey" , "LastName" : "Santos" , "Email" : "amanda55@hotmail.com" , "Phone" : "5649992882" , "Gender" : "Male"} , { "_id" : { "$oid" : "5f7c39731f6e4f5765fe3b93"} , "FirstName" : "Anh Thư" , "LastName" : "Trần" , "Email" : "zADi8NYxUx@gmail.com" , "Phone" : "0939995122" , "Gender" : "FeMale"} , { "_id" : { "$oid" : "5f7c3ced1f6e4f5765fe3f5e"} , "FirstName" : "Anh Thư" , "LastName" : "Trần" , "Email" : "PyHq7Kw1OI@gmail.com" , "Phone" : "0958244571" , "Gender" : "FeMale"} , { "_id" : { "$oid" : "5f7c3d211f6e4f5765fe3f92"} , "FirstName" : "Harsha" , "LastName" : "Vardhini" , "Email" : "harsha1896yarlagadda@gmail.com" , "Phone" : "7981945962" , "Gender" : "FeMale"} , { "_id" : { "$oid" : "5f7c4a451f6e4f5765fe55a1"} , "FirstName" : "Xuan" , "LastName" : "Nguyen" , "Email" : "diem@yopmail.com" , "Phone" : "0982315085" , "Gender" : "FeMale"} , { "_id" : { "$oid" : "5f7c4c611f6e4f5765fe56de"} , "FirstName" : "Hue" , "LastName" : "Pham" , "Email" : "hue.ptm1010@gmail.com" , "Phone" : "0338889028" , "Gender" : "FeMale"} , { "_id" : { "$oid" : "5f7c4d121f6e4f5765fe5745"} , "FirstName" : "fdsf" , "LastName" : "sfsf" , "Email" : "sfsf@fghf.gdg" , "Phone" : "0338889955" , "Gender" : "Male"} , { "_id" : { "$oid" : "5f7c4e101f6e4f5765fe57c1"} , "FirstName" : "Anh Thư" , "LastName" : "Trần" , "Email" : "51tlIyujdc@gmail.com" , "Phone" : "0941513249" , "Gender" : "FeMale"} , { "_id" : { "$oid" : "5f7c50695d0e65146b296e14"} , "FirstName" : "proba1" , "LastName" : "proba2" , "Email" : "0625652436@proba1.com" , "Phone" : "4778442217" , "Gender" : "Male"} , { "_id" : { "$oid" : "5f7c50f55d0e65146b296e56"} , "FirstName" : "Hue" , "LastName" : "Pham" , "Email" : "hue.ptm10101@gmail.com" , "Phone" : "0338889021" , "Gender" : "FeMale"} , { "_id" : { "$oid" : "5f7c50fc5d0e65146b296e59"} , "FirstName" : "proba1" , "LastName" : "proba2" , "Email" : "4486681042@proba1.com" , "Phone" : "6300883644" , "Gender" : "Male"} , { "_id" : { "$oid" : "5f7c535c1f6e4f5765fe5c05"} , "FirstName" : "Athira" , "LastName" : "soman" , "Email" : "athira.soman@gmail.com" , "Phone" : "9643217895" , "Gender" : "FeMale"} , { "_id" : { "$oid" : "5f7c56ea5d0e65146b29773c"} , "FirstName" : "Hue" , "LastName" : "Pham" , "Email" : "hue.ptm10102@gmail.com" , "Phone" : "0338889022" , "Gender" : "FeMale"} , { "_id" : { "$oid" : "5f7c57775d0e65146b297783"} , "FirstName" : "Xuan" , "LastName" : "Nguyen" , "Email" : "diem12@yopmail.com" , "Phone" : "0982315081" , "Gender" : "FeMale"} , { "_id" : { "$oid" : "5f7c5a8f1f6e4f5765fe6163"} , "FirstName" : "Xuan" , "LastName" : "Nguyen" , "Email" : "diem1234@yopmail.com" , "Phone" : "0987285508" , "Gender" : "FeMale"} , { "_id" : { "$oid" : "5f7c5ac11f6e4f5765fe6179"} , "FirstName" : "Антон" , "LastName" : "Беляев" , "Email" : "1238@ya.ru" , "Phone" : "6463124567" , "Gender" : "Male"} , { "_id" : { "$oid" : "5f7c5b091f6e4f5765fe6197"} , "FirstName" : "Антон" , "LastName" : "Беляев" , "Email" : "1239@ya.ru" , "Phone" : "6463124571" , "Gender" : "Male"} , { "_id" : { "$oid" : "5f7c5b5f5d0e65146b297a9f"} , "FirstName" : "Michael" , "LastName" : "Preston" , "Email" : "aaron44@weaver.com" , "Phone" : "7536565932" , "Gender" : "Male"} , { "_id" : { "$oid" : "5f7c5be25d0e65146b297afc"} , "FirstName" : "Антон" , "LastName" : "Беляев" , "Email" : "1241@ya.ru" , "Phone" : "6463124572" , "Gender" : "Male"} , { "_id" : { "$oid" : "5f7c5c2e5d0e65146b297b1f"} , "FirstName" : "Антон" , "LastName" : "Беляев" , "Email" : "1242@ya.ru" , "Phone" : "6463124573" , "Gender" : "Male"} , { "_id" : { "$oid" : "5f7c5c3d1f6e4f5765fe6247"} , "FirstName" : "Michael" , "LastName" : "Mullins" , "Email" : "evan79@boyd-bell.com" , "Phone" : "2575264742" , "Gender" : "Male"} , { "_id" : { "$oid" : "5f7c5cc41f6e4f5765fe62d0"} , "FirstName" : "Антон" , "LastName" : "Беляев" , "Email" : "1243@ya.ru" , "Phone" : "6463124574" , "Gender" : "Male"} , { "_id" : { "$oid" : "5f7c5d081f6e4f5765fe6305"} , "FirstName" : "Andrew" , "LastName" : "Garcia" , "Email" : "huntrebecca@taylor-ibarra.info" , "Phone" : "9694524734" , "Gender" : "Male"} , { "_id" : { "$oid" : "5f7c5d331f6e4f5765fe6322"} , "FirstName" : "Антон" , "LastName" : "Беляев" , "Email" : "1244@ya.ru" , "Phone" : "6463124575" , "Gender" : "Male"} , { "_id" : { "$oid" : "5f7c5d6d5d0e65146b297c5c"} , "FirstName" : "David" , "LastName" : "Clark" , "Email" : "isimpson@adams.com" , "Phone" : "4768205751" , "Gender" : "Male"} , { "_id" : { "$oid" : "5f7c5e001f6e4f5765fe63bc"} , "FirstName" : "Xuan" , "LastName" : "Nguyen" , "Email" : "diem1267@yopmail.com" , "Phone" : "0982315083" , "Gender" : "FeMale"} , { "_id" : { "$oid" : "5f7c690d5d0e65146b29884f"} , "FirstName" : "Andreea" , "LastName" : "Avram" , "Email" : "0878412170@gmail.com" , "Phone" : "0361374827" , "Gender" : "FeMale"} , { "_id" : { "$oid" : "5f7c745b1f6e4f5765fe7c87"} , "FirstName" : "Andreea" , "LastName" : "Avram" , "Email" : "0708724817@gmail.com" , "Phone" : "0866882622" , "Gender" : "FeMale"} , { "_id" : { "$oid" : "5f7c77171f6e4f5765fe7f2e"} , "FirstName" : "Marius" , "LastName" : "Andronie" , "Email" : "3261345642@gmail.com" , "Phone" : "6523295710" , "Gender" : "Male"} , { "_id" : { "$oid" : "5f7c79e05d0... (set the log level to DEBUG or TRACE to see the full content) 
 </msg>
<msg timestamp="20201127 17:41:21.374" level="INFO">c:\python37\lib\site-packages\urllib3\connectionpool.py:847: InsecureRequestWarning: Unverified HTTPS request is being made. Adding certificate verification is strongly advised. See: https://urllib3.readthedocs.io/en/latest/advanced-usage.html#ssl-warnings
  InsecureRequestWarning)</msg>
<msg timestamp="20201127 17:41:21.374" level="INFO">${response} = &lt;Response [200]&gt;</msg>
<status status="PASS" starttime="20201127 17:41:20.741" endtime="20201127 17:41:21.374"></status>
</kw>
<kw name="Convert To String" library="BuiltIn">
<doc>Converts the given item to a Unicode string.</doc>
<arguments>
<arg>${response.status_code}</arg>
</arguments>
<assign>
<var>${status_code}</var>
</assign>
<msg timestamp="20201127 17:41:21.375" level="INFO">${status_code} = 200</msg>
<status status="PASS" starttime="20201127 17:41:21.375" endtime="20201127 17:41:21.375"></status>
</kw>
<kw name="Should Be Equal" library="BuiltIn">
<doc>Fails if the given objects are unequal.</doc>
<arguments>
<arg>${status_code}</arg>
<arg>200</arg>
</arguments>
<status status="PASS" starttime="20201127 17:41:21.375" endtime="20201127 17:41:21.376"></status>
</kw>
<kw name="Convert To String" library="BuiltIn">
<doc>Converts the given item to a Unicode string.</doc>
<arguments>
<arg>${response.content}</arg>
</arguments>
<assign>
<var>${body}</var>
</assign>
<msg timestamp="20201127 17:41:21.433" level="INFO">${body} = [ { "_id" : { "$oid" : "5fbfb6b55d0e651910fbf461"} , "FirstName" : "Seth" , "LastName" : "Gilbert" , "Email" : "alicia93@hotmail.com" , "Phone" : "5366139734" , "Gender" : "Male"} , { "_id" : { "$oid"...</msg>
<status status="PASS" starttime="20201127 17:41:21.376" endtime="20201127 17:41:21.433"></status>
</kw>
<kw name="Should Contain" library="BuiltIn">
<doc>Fails if ``container`` does not contain ``item`` one or more times.</doc>
<arguments>
<arg>${body}</arg>
<arg>"FirstName" : "${fake_first_name}" , "LastName" : "${fake_last_name}"</arg>
<arg>, "Email" : "${fake_email}" , "Phone" : "${fake_phone}" , "Gender" : "Male"</arg>
</arguments>
<status status="PASS" starttime="20201127 17:41:21.434" endtime="20201127 17:41:21.435"></status>
</kw>
<status status="PASS" starttime="20201127 17:41:18.610" endtime="20201127 17:41:21.436"></status>
</kw>
<kw name="Close Session" library="base" type="teardown">
<kw name="Close Browser" library="SeleniumLibrary">
<doc>Closes the current browser.</doc>
<status status="PASS" starttime="20201127 17:41:21.438" endtime="20201127 17:41:24.272"></status>
</kw>
<status status="PASS" starttime="20201127 17:41:21.436" endtime="20201127 17:41:24.272"></status>
</kw>
<status status="PASS" starttime="20201127 17:40:58.968" endtime="20201127 17:41:24.274" critical="yes"></status>
</test>
<doc>Como usuário, desejo realizar um cadastro
para que possa acessar o sistema automationtesting</doc>
<status status="PASS" starttime="20201127 17:40:56.011" endtime="20201127 17:41:24.277"></status>
</suite>
<statistics>
<total>
<stat pass="1" fail="0">Critical Tests</stat>
<stat pass="1" fail="0">All Tests</stat>
</total>
<tag>
</tag>
<suite>
<stat pass="1" fail="0" id="s1" name="Cadastro">Cadastro</stat>
</suite>
</statistics>
<errors>
</errors>
</robot>
